{"C:\\Users\\TIRTHANKAR KHAUND\\Desktop\\yo\\ase_grp2\\frontend\\apps\\mobile\\Components\\EfficientRoutes.js": {"path":"C:\\Users\\TIRTHANKAR KHAUND\\Desktop\\yo\\ase_grp2\\frontend\\apps\\mobile\\Components\\EfficientRoutes.js","statementMap":{"0":{"start":{"line":18,"column":19},"end":{"line":18,"column":43}},"1":{"start":{"line":20,"column":25},"end":{"line":24,"column":1}},"2":{"start":{"line":26,"column":20},"end":{"line":26,"column":42}},"3":{"start":{"line":27,"column":28},"end":{"line":27,"column":58}},"4":{"start":{"line":29,"column":24},"end":{"line":257,"column":1}},"5":{"start":{"line":30,"column":38},"end":{"line":30,"column":50}},"6":{"start":{"line":31,"column":34},"end":{"line":31,"column":46}},"7":{"start":{"line":32,"column":40},"end":{"line":32,"column":54}},"8":{"start":{"line":33,"column":36},"end":{"line":33,"column":50}},"9":{"start":{"line":34,"column":42},"end":{"line":34,"column":57}},"10":{"start":{"line":35,"column":30},"end":{"line":35,"column":42}},"11":{"start":{"line":36,"column":54},"end":{"line":36,"column":68}},"12":{"start":{"line":37,"column":32},"end":{"line":37,"column":47}},"13":{"start":{"line":38,"column":50},"end":{"line":38,"column":62}},"14":{"start":{"line":39,"column":46},"end":{"line":39,"column":58}},"15":{"start":{"line":41,"column":27},"end":{"line":55,"column":3}},"16":{"start":{"line":42,"column":4},"end":{"line":42,"column":32}},"17":{"start":{"line":42,"column":25},"end":{"line":42,"column":32}},"18":{"start":{"line":43,"column":4},"end":{"line":54,"column":5}},"19":{"start":{"line":44,"column":23},"end":{"line":49,"column":7}},"20":{"start":{"line":50,"column":26},"end":{"line":50,"column":45}},"21":{"start":{"line":51,"column":6},"end":{"line":51,"column":82}},"22":{"start":{"line":53,"column":6},"end":{"line":53,"column":48}},"23":{"start":{"line":57,"column":33},"end":{"line":68,"column":3}},"24":{"start":{"line":58,"column":19},"end":{"line":58,"column":72}},"25":{"start":{"line":59,"column":4},"end":{"line":67,"column":5}},"26":{"start":{"line":60,"column":6},"end":{"line":60,"column":29}},"27":{"start":{"line":61,"column":6},"end":{"line":61,"column":31}},"28":{"start":{"line":62,"column":6},"end":{"line":62,"column":30}},"29":{"start":{"line":64,"column":6},"end":{"line":64,"column":27}},"30":{"start":{"line":65,"column":6},"end":{"line":65,"column":29}},"31":{"start":{"line":66,"column":6},"end":{"line":66,"column":28}},"32":{"start":{"line":70,"column":22},"end":{"line":88,"column":3}},"33":{"start":{"line":71,"column":4},"end":{"line":71,"column":43}},"34":{"start":{"line":71,"column":36},"end":{"line":71,"column":43}},"35":{"start":{"line":72,"column":4},"end":{"line":72,"column":21}},"36":{"start":{"line":73,"column":4},"end":{"line":87,"column":5}},"37":{"start":{"line":74,"column":18},"end":{"line":74,"column":275}},"38":{"start":{"line":75,"column":23},"end":{"line":75,"column":43}},"39":{"start":{"line":76,"column":20},"end":{"line":76,"column":39}},"40":{"start":{"line":78,"column":30},"end":{"line":80,"column":8}},"41":{"start":{"line":79,"column":8},"end":{"line":80,"column":7}},"42":{"start":{"line":79,"column":52},"end":{"line":79,"column":62}},"43":{"start":{"line":81,"column":6},"end":{"line":81,"column":33}},"44":{"start":{"line":82,"column":6},"end":{"line":82,"column":31}},"45":{"start":{"line":84,"column":6},"end":{"line":84,"column":45}},"46":{"start":{"line":86,"column":6},"end":{"line":86,"column":24}},"47":{"start":{"line":90,"column":2},"end":{"line":256,"column":4}},"48":{"start":{"line":94,"column":41},"end":{"line":94,"column":68}},"49":{"start":{"line":106,"column":12},"end":{"line":106,"column":32}},"50":{"start":{"line":107,"column":12},"end":{"line":107,"column":41}},"51":{"start":{"line":116,"column":45},"end":{"line":116,"column":68}},"52":{"start":{"line":118,"column":16},"end":{"line":123,"column":35}},"53":{"start":{"line":120,"column":33},"end":{"line":120,"column":67}},"54":{"start":{"line":133,"column":12},"end":{"line":133,"column":30}},"55":{"start":{"line":134,"column":12},"end":{"line":134,"column":42}},"56":{"start":{"line":143,"column":45},"end":{"line":143,"column":68}},"57":{"start":{"line":145,"column":16},"end":{"line":150,"column":35}},"58":{"start":{"line":147,"column":33},"end":{"line":147,"column":68}},"59":{"start":{"line":160,"column":42},"end":{"line":160,"column":68}},"60":{"start":{"line":163,"column":14},"end":{"line":167,"column":16}},"61":{"start":{"line":214,"column":75},"end":{"line":217,"column":15}},"62":{"start":{"line":230,"column":40},"end":{"line":230,"column":54}},"63":{"start":{"line":232,"column":16},"end":{"line":247,"column":35}},"64":{"start":{"line":233,"column":33},"end":{"line":233,"column":61}},"65":{"start":{"line":259,"column":15},"end":{"line":357,"column":2}}},"fnMap":{"0":{"name":"(anonymous_0)","decl":{"start":{"line":29,"column":24},"end":{"line":29,"column":25}},"loc":{"start":{"line":29,"column":44},"end":{"line":257,"column":1}},"line":29},"1":{"name":"(anonymous_1)","decl":{"start":{"line":41,"column":27},"end":{"line":41,"column":28}},"loc":{"start":{"line":41,"column":52},"end":{"line":55,"column":3}},"line":41},"2":{"name":"(anonymous_2)","decl":{"start":{"line":57,"column":33},"end":{"line":57,"column":34}},"loc":{"start":{"line":57,"column":52},"end":{"line":68,"column":3}},"line":57},"3":{"name":"(anonymous_3)","decl":{"start":{"line":70,"column":22},"end":{"line":70,"column":23}},"loc":{"start":{"line":70,"column":34},"end":{"line":88,"column":3}},"line":70},"4":{"name":"(anonymous_4)","decl":{"start":{"line":78,"column":40},"end":{"line":78,"column":41}},"loc":{"start":{"line":79,"column":8},"end":{"line":80,"column":7}},"line":79},"5":{"name":"(anonymous_5)","decl":{"start":{"line":79,"column":36},"end":{"line":79,"column":37}},"loc":{"start":{"line":79,"column":52},"end":{"line":79,"column":62}},"line":79},"6":{"name":"(anonymous_6)","decl":{"start":{"line":94,"column":35},"end":{"line":94,"column":36}},"loc":{"start":{"line":94,"column":41},"end":{"line":94,"column":68}},"line":94},"7":{"name":"(anonymous_7)","decl":{"start":{"line":105,"column":24},"end":{"line":105,"column":25}},"loc":{"start":{"line":105,"column":34},"end":{"line":108,"column":11}},"line":105},"8":{"name":"(anonymous_8)","decl":{"start":{"line":116,"column":28},"end":{"line":116,"column":29}},"loc":{"start":{"line":116,"column":45},"end":{"line":116,"column":68}},"line":116},"9":{"name":"(anonymous_9)","decl":{"start":{"line":117,"column":26},"end":{"line":117,"column":27}},"loc":{"start":{"line":118,"column":16},"end":{"line":123,"column":35}},"line":118},"10":{"name":"(anonymous_10)","decl":{"start":{"line":120,"column":27},"end":{"line":120,"column":28}},"loc":{"start":{"line":120,"column":33},"end":{"line":120,"column":67}},"line":120},"11":{"name":"(anonymous_11)","decl":{"start":{"line":132,"column":24},"end":{"line":132,"column":25}},"loc":{"start":{"line":132,"column":34},"end":{"line":135,"column":11}},"line":132},"12":{"name":"(anonymous_12)","decl":{"start":{"line":143,"column":28},"end":{"line":143,"column":29}},"loc":{"start":{"line":143,"column":45},"end":{"line":143,"column":68}},"line":143},"13":{"name":"(anonymous_13)","decl":{"start":{"line":144,"column":26},"end":{"line":144,"column":27}},"loc":{"start":{"line":145,"column":16},"end":{"line":150,"column":35}},"line":145},"14":{"name":"(anonymous_14)","decl":{"start":{"line":147,"column":27},"end":{"line":147,"column":28}},"loc":{"start":{"line":147,"column":33},"end":{"line":147,"column":68}},"line":147},"15":{"name":"(anonymous_15)","decl":{"start":{"line":160,"column":27},"end":{"line":160,"column":28}},"loc":{"start":{"line":160,"column":42},"end":{"line":160,"column":68}},"line":160},"16":{"name":"(anonymous_16)","decl":{"start":{"line":162,"column":34},"end":{"line":162,"column":35}},"loc":{"start":{"line":163,"column":14},"end":{"line":167,"column":16}},"line":163},"17":{"name":"(anonymous_17)","decl":{"start":{"line":214,"column":58},"end":{"line":214,"column":59}},"loc":{"start":{"line":214,"column":75},"end":{"line":217,"column":15}},"line":214},"18":{"name":"(anonymous_18)","decl":{"start":{"line":230,"column":28},"end":{"line":230,"column":29}},"loc":{"start":{"line":230,"column":40},"end":{"line":230,"column":54}},"line":230},"19":{"name":"(anonymous_19)","decl":{"start":{"line":231,"column":26},"end":{"line":231,"column":27}},"loc":{"start":{"line":232,"column":16},"end":{"line":247,"column":35}},"line":232},"20":{"name":"(anonymous_20)","decl":{"start":{"line":233,"column":27},"end":{"line":233,"column":28}},"loc":{"start":{"line":233,"column":33},"end":{"line":233,"column":61}},"line":233}},"branchMap":{"0":{"loc":{"start":{"line":42,"column":4},"end":{"line":42,"column":32}},"type":"if","locations":[{"start":{"line":42,"column":4},"end":{"line":42,"column":32}},{"start":{},"end":{}}],"line":42},"1":{"loc":{"start":{"line":50,"column":26},"end":{"line":50,"column":45}},"type":"binary-expr","locations":[{"start":{"line":50,"column":26},"end":{"line":50,"column":39}},{"start":{"line":50,"column":43},"end":{"line":50,"column":45}}],"line":50},"2":{"loc":{"start":{"line":51,"column":6},"end":{"line":51,"column":81}},"type":"cond-expr","locations":[{"start":{"line":51,"column":16},"end":{"line":51,"column":48}},{"start":{"line":51,"column":51},"end":{"line":51,"column":81}}],"line":51},"3":{"loc":{"start":{"line":59,"column":4},"end":{"line":67,"column":5}},"type":"if","locations":[{"start":{"line":59,"column":4},"end":{"line":67,"column":5}},{"start":{"line":63,"column":11},"end":{"line":67,"column":5}}],"line":59},"4":{"loc":{"start":{"line":71,"column":4},"end":{"line":71,"column":43}},"type":"if","locations":[{"start":{"line":71,"column":4},"end":{"line":71,"column":43}},{"start":{},"end":{}}],"line":71},"5":{"loc":{"start":{"line":71,"column":8},"end":{"line":71,"column":34}},"type":"binary-expr","locations":[{"start":{"line":71,"column":8},"end":{"line":71,"column":20}},{"start":{"line":71,"column":24},"end":{"line":71,"column":34}}],"line":71},"6":{"loc":{"start":{"line":112,"column":9},"end":{"line":128,"column":9}},"type":"binary-expr","locations":[{"start":{"line":112,"column":9},"end":{"line":112,"column":36}},{"start":{"line":113,"column":10},"end":{"line":127,"column":17}}],"line":112},"7":{"loc":{"start":{"line":139,"column":9},"end":{"line":155,"column":9}},"type":"binary-expr","locations":[{"start":{"line":139,"column":9},"end":{"line":139,"column":34}},{"start":{"line":140,"column":10},"end":{"line":154,"column":17}}],"line":139},"8":{"loc":{"start":{"line":173,"column":11},"end":{"line":177,"column":11}},"type":"cond-expr","locations":[{"start":{"line":174,"column":12},"end":{"line":174,"column":46}},{"start":{"line":176,"column":12},"end":{"line":176,"column":60}}],"line":173},"9":{"loc":{"start":{"line":186,"column":22},"end":{"line":186,"column":49}},"type":"binary-expr","locations":[{"start":{"line":186,"column":22},"end":{"line":186,"column":38}},{"start":{"line":186,"column":42},"end":{"line":186,"column":49}}],"line":186},"10":{"loc":{"start":{"line":187,"column":23},"end":{"line":187,"column":50}},"type":"binary-expr","locations":[{"start":{"line":187,"column":23},"end":{"line":187,"column":39}},{"start":{"line":187,"column":43},"end":{"line":187,"column":50}}],"line":187},"11":{"loc":{"start":{"line":192,"column":11},"end":{"line":201,"column":11}},"type":"binary-expr","locations":[{"start":{"line":192,"column":11},"end":{"line":192,"column":22}},{"start":{"line":193,"column":12},"end":{"line":200,"column":14}}],"line":192},"12":{"loc":{"start":{"line":202,"column":11},"end":{"line":211,"column":11}},"type":"binary-expr","locations":[{"start":{"line":202,"column":11},"end":{"line":202,"column":20}},{"start":{"line":203,"column":12},"end":{"line":210,"column":14}}],"line":202},"13":{"loc":{"start":{"line":212,"column":11},"end":{"line":221,"column":11}},"type":"binary-expr","locations":[{"start":{"line":212,"column":11},"end":{"line":212,"column":37}},{"start":{"line":213,"column":12},"end":{"line":220,"column":14}}],"line":212},"14":{"loc":{"start":{"line":225,"column":9},"end":{"line":253,"column":9}},"type":"binary-expr","locations":[{"start":{"line":225,"column":9},"end":{"line":225,"column":26}},{"start":{"line":226,"column":10},"end":{"line":252,"column":17}}],"line":225},"15":{"loc":{"start":{"line":236,"column":20},"end":{"line":236,"column":73}},"type":"binary-expr","locations":[{"start":{"line":236,"column":20},"end":{"line":236,"column":48}},{"start":{"line":236,"column":52},"end":{"line":236,"column":73}}],"line":236},"16":{"loc":{"start":{"line":242,"column":22},"end":{"line":242,"column":79}},"type":"binary-expr","locations":[{"start":{"line":242,"column":22},"end":{"line":242,"column":50}},{"start":{"line":242,"column":54},"end":{"line":242,"column":79}}],"line":242}},"s":{"0":1,"1":1,"2":1,"3":1,"4":1,"5":1,"6":1,"7":1,"8":1,"9":1,"10":1,"11":1,"12":1,"13":1,"14":1,"15":1,"16":0,"17":0,"18":0,"19":0,"20":0,"21":0,"22":0,"23":1,"24":0,"25":0,"26":0,"27":0,"28":0,"29":0,"30":0,"31":0,"32":1,"33":0,"34":0,"35":0,"36":0,"37":0,"38":0,"39":0,"40":0,"41":0,"42":0,"43":0,"44":0,"45":0,"46":0,"47":1,"48":0,"49":0,"50":0,"51":0,"52":0,"53":0,"54":0,"55":0,"56":0,"57":0,"58":0,"59":0,"60":3,"61":0,"62":0,"63":0,"64":0,"65":1},"f":{"0":1,"1":0,"2":0,"3":0,"4":0,"5":0,"6":0,"7":0,"8":0,"9":0,"10":0,"11":0,"12":0,"13":0,"14":0,"15":0,"16":3,"17":0,"18":0,"19":0,"20":0},"b":{"0":[0,0],"1":[0,0],"2":[0,0],"3":[0,0],"4":[0,0],"5":[0,0],"6":[1,0],"7":[1,0],"8":[0,1],"9":[1,1],"10":[1,1],"11":[1,0],"12":[1,0],"13":[1,0],"14":[1,0],"15":[0,0],"16":[0,0]},"_coverageSchema":"1a1c01bbd47fc00a2c39e90264f33305004495a9","hash":"79794a5bb97366d2517bf905dffabc629327659c"}
,"C:\\Users\\TIRTHANKAR KHAUND\\Desktop\\yo\\ase_grp2\\frontend\\apps\\mobile\\Components\\Events.js": {"path":"C:\\Users\\TIRTHANKAR KHAUND\\Desktop\\yo\\ase_grp2\\frontend\\apps\\mobile\\Components\\Events.js","statementMap":{"0":{"start":{"line":17,"column":15},"end":{"line":141,"column":1}},"1":{"start":{"line":18,"column":30},"end":{"line":18,"column":42}},"2":{"start":{"line":19,"column":32},"end":{"line":19,"column":46}},"3":{"start":{"line":20,"column":38},"end":{"line":20,"column":53}},"4":{"start":{"line":22,"column":22},"end":{"line":34,"column":3}},"5":{"start":{"line":23,"column":4},"end":{"line":33,"column":5}},"6":{"start":{"line":24,"column":6},"end":{"line":24,"column":23}},"7":{"start":{"line":25,"column":23},"end":{"line":25,"column":86}},"8":{"start":{"line":26,"column":6},"end":{"line":26,"column":31}},"9":{"start":{"line":28,"column":6},"end":{"line":28,"column":53}},"10":{"start":{"line":29,"column":6},"end":{"line":29,"column":53}},"11":{"start":{"line":31,"column":6},"end":{"line":31,"column":24}},"12":{"start":{"line":32,"column":6},"end":{"line":32,"column":27}},"13":{"start":{"line":37,"column":2},"end":{"line":41,"column":4}},"14":{"start":{"line":39,"column":6},"end":{"line":39,"column":20}},"15":{"start":{"line":43,"column":20},"end":{"line":46,"column":3}},"16":{"start":{"line":44,"column":4},"end":{"line":44,"column":24}},"17":{"start":{"line":45,"column":4},"end":{"line":45,"column":18}},"18":{"start":{"line":48,"column":21},"end":{"line":55,"column":3}},"19":{"start":{"line":49,"column":17},"end":{"line":49,"column":37}},"20":{"start":{"line":50,"column":4},"end":{"line":54,"column":7}},"21":{"start":{"line":57,"column":21},"end":{"line":59,"column":3}},"22":{"start":{"line":58,"column":4},"end":{"line":58,"column":55}},"23":{"start":{"line":61,"column":26},"end":{"line":89,"column":3}},"24":{"start":{"line":62,"column":4},"end":{"line":88,"column":23}},"25":{"start":{"line":65,"column":21},"end":{"line":65,"column":73}},"26":{"start":{"line":91,"column":2},"end":{"line":97,"column":3}},"27":{"start":{"line":92,"column":4},"end":{"line":96,"column":6}},"28":{"start":{"line":99,"column":2},"end":{"line":140,"column":4}},"29":{"start":{"line":104,"column":43},"end":{"line":104,"column":62}},"30":{"start":{"line":114,"column":34},"end":{"line":114,"column":52}},"31":{"start":{"line":143,"column":15},"end":{"line":252,"column":2}}},"fnMap":{"0":{"name":"(anonymous_0)","decl":{"start":{"line":17,"column":15},"end":{"line":17,"column":16}},"loc":{"start":{"line":17,"column":35},"end":{"line":141,"column":1}},"line":17},"1":{"name":"(anonymous_1)","decl":{"start":{"line":22,"column":22},"end":{"line":22,"column":23}},"loc":{"start":{"line":22,"column":34},"end":{"line":34,"column":3}},"line":22},"2":{"name":"(anonymous_2)","decl":{"start":{"line":38,"column":22},"end":{"line":38,"column":23}},"loc":{"start":{"line":38,"column":28},"end":{"line":40,"column":5}},"line":38},"3":{"name":"(anonymous_3)","decl":{"start":{"line":43,"column":20},"end":{"line":43,"column":21}},"loc":{"start":{"line":43,"column":26},"end":{"line":46,"column":3}},"line":43},"4":{"name":"(anonymous_4)","decl":{"start":{"line":48,"column":21},"end":{"line":48,"column":22}},"loc":{"start":{"line":48,"column":37},"end":{"line":55,"column":3}},"line":48},"5":{"name":"(anonymous_5)","decl":{"start":{"line":57,"column":21},"end":{"line":57,"column":22}},"loc":{"start":{"line":57,"column":37},"end":{"line":59,"column":3}},"line":57},"6":{"name":"(anonymous_6)","decl":{"start":{"line":61,"column":26},"end":{"line":61,"column":27}},"loc":{"start":{"line":62,"column":4},"end":{"line":88,"column":23}},"line":62},"7":{"name":"(anonymous_7)","decl":{"start":{"line":65,"column":15},"end":{"line":65,"column":16}},"loc":{"start":{"line":65,"column":21},"end":{"line":65,"column":73}},"line":65},"8":{"name":"(anonymous_8)","decl":{"start":{"line":104,"column":37},"end":{"line":104,"column":38}},"loc":{"start":{"line":104,"column":43},"end":{"line":104,"column":62}},"line":104},"9":{"name":"(anonymous_9)","decl":{"start":{"line":114,"column":24},"end":{"line":114,"column":25}},"loc":{"start":{"line":114,"column":34},"end":{"line":114,"column":52}},"line":114}},"branchMap":{"0":{"loc":{"start":{"line":69,"column":16},"end":{"line":69,"column":92}},"type":"cond-expr","locations":[{"start":{"line":69,"column":70},"end":{"line":69,"column":79}},{"start":{"line":69,"column":82},"end":{"line":69,"column":92}}],"line":69},"1":{"loc":{"start":{"line":71,"column":17},"end":{"line":71,"column":92}},"type":"cond-expr","locations":[{"start":{"line":71,"column":71},"end":{"line":71,"column":80}},{"start":{"line":71,"column":83},"end":{"line":71,"column":92}}],"line":71},"2":{"loc":{"start":{"line":91,"column":2},"end":{"line":97,"column":3}},"type":"if","locations":[{"start":{"line":91,"column":2},"end":{"line":97,"column":3}},{"start":{},"end":{}}],"line":91},"3":{"loc":{"start":{"line":91,"column":6},"end":{"line":91,"column":36}},"type":"binary-expr","locations":[{"start":{"line":91,"column":6},"end":{"line":91,"column":13}},{"start":{"line":91,"column":17},"end":{"line":91,"column":36}}],"line":91}},"s":{"0":1,"1":1,"2":1,"3":1,"4":1,"5":1,"6":1,"7":1,"8":0,"9":0,"10":0,"11":0,"12":0,"13":1,"14":1,"15":1,"16":0,"17":0,"18":1,"19":0,"20":0,"21":1,"22":0,"23":1,"24":0,"25":0,"26":1,"27":1,"28":0,"29":0,"30":0,"31":1},"f":{"0":1,"1":1,"2":1,"3":0,"4":0,"5":0,"6":0,"7":0,"8":0,"9":0},"b":{"0":[0,0],"1":[0,0],"2":[1,0],"3":[1,1]},"_coverageSchema":"1a1c01bbd47fc00a2c39e90264f33305004495a9","hash":"31d0fbd911bda40a7784ee67152be224b47e59aa"}
,"C:\\Users\\TIRTHANKAR KHAUND\\Desktop\\yo\\ase_grp2\\frontend\\apps\\mobile\\Components\\Menu.js": {"path":"C:\\Users\\TIRTHANKAR KHAUND\\Desktop\\yo\\ase_grp2\\frontend\\apps\\mobile\\Components\\Menu.js","statementMap":{"0":{"start":{"line":11,"column":13},"end":{"line":55,"column":1}},"1":{"start":{"line":12,"column":20},"end":{"line":18,"column":3}},"2":{"start":{"line":20,"column":2},"end":{"line":54,"column":4}},"3":{"start":{"line":24,"column":41},"end":{"line":24,"column":72}},"4":{"start":{"line":34,"column":10},"end":{"line":50,"column":29}},"5":{"start":{"line":38,"column":14},"end":{"line":40,"column":15}},"6":{"start":{"line":39,"column":16},"end":{"line":39,"column":49}},"7":{"start":{"line":57,"column":15},"end":{"line":102,"column":2}}},"fnMap":{"0":{"name":"(anonymous_0)","decl":{"start":{"line":11,"column":13},"end":{"line":11,"column":14}},"loc":{"start":{"line":11,"column":33},"end":{"line":55,"column":1}},"line":11},"1":{"name":"(anonymous_1)","decl":{"start":{"line":24,"column":35},"end":{"line":24,"column":36}},"loc":{"start":{"line":24,"column":41},"end":{"line":24,"column":72}},"line":24},"2":{"name":"(anonymous_2)","decl":{"start":{"line":33,"column":23},"end":{"line":33,"column":24}},"loc":{"start":{"line":34,"column":10},"end":{"line":50,"column":29}},"line":34},"3":{"name":"(anonymous_3)","decl":{"start":{"line":37,"column":21},"end":{"line":37,"column":22}},"loc":{"start":{"line":37,"column":27},"end":{"line":41,"column":13}},"line":37}},"branchMap":{"0":{"loc":{"start":{"line":38,"column":14},"end":{"line":40,"column":15}},"type":"if","locations":[{"start":{"line":38,"column":14},"end":{"line":40,"column":15}},{"start":{},"end":{}}],"line":38}},"s":{"0":1,"1":1,"2":1,"3":0,"4":5,"5":5,"6":5,"7":1},"f":{"0":1,"1":0,"2":5,"3":5},"b":{"0":[5,0]},"_coverageSchema":"1a1c01bbd47fc00a2c39e90264f33305004495a9","hash":"7d222988df09453e84b13fdbfbce0468c0135184"}
,"C:\\Users\\TIRTHANKAR KHAUND\\Desktop\\yo\\ase_grp2\\frontend\\apps\\mobile\\Components\\Traffic.js": {"path":"C:\\Users\\TIRTHANKAR KHAUND\\Desktop\\yo\\ase_grp2\\frontend\\apps\\mobile\\Components\\Traffic.js","statementMap":{"0":{"start":{"line":17,"column":23},"end":{"line":17,"column":48}},"1":{"start":{"line":18,"column":16},"end":{"line":18,"column":42}},"2":{"start":{"line":20,"column":19},"end":{"line":20,"column":43}},"3":{"start":{"line":22,"column":26},"end":{"line":25,"column":1}},"4":{"start":{"line":27,"column":26},"end":{"line":30,"column":6}},"5":{"start":{"line":28,"column":2},"end":{"line":28,"column":18}},"6":{"start":{"line":29,"column":2},"end":{"line":29,"column":13}},"7":{"start":{"line":32,"column":16},"end":{"line":224,"column":1}},"8":{"start":{"line":33,"column":16},"end":{"line":33,"column":26}},"9":{"start":{"line":34,"column":22},"end":{"line":34,"column":42}},"10":{"start":{"line":35,"column":23},"end":{"line":35,"column":62}},"11":{"start":{"line":37,"column":28},"end":{"line":37,"column":40}},"12":{"start":{"line":38,"column":40},"end":{"line":38,"column":52}},"13":{"start":{"line":39,"column":46},"end":{"line":39,"column":60}},"14":{"start":{"line":40,"column":36},"end":{"line":45,"column":4}},"15":{"start":{"line":46,"column":42},"end":{"line":46,"column":56}},"16":{"start":{"line":47,"column":42},"end":{"line":47,"column":63}},"17":{"start":{"line":48,"column":44},"end":{"line":48,"column":66}},"18":{"start":{"line":49,"column":42},"end":{"line":49,"column":59}},"19":{"start":{"line":50,"column":32},"end":{"line":50,"column":47}},"20":{"start":{"line":52,"column":27},"end":{"line":61,"column":3}},"21":{"start":{"line":53,"column":4},"end":{"line":60,"column":5}},"22":{"start":{"line":54,"column":14},"end":{"line":54,"column":34}},"23":{"start":{"line":55,"column":14},"end":{"line":55,"column":29}},"24":{"start":{"line":56,"column":14},"end":{"line":56,"column":30}},"25":{"start":{"line":57,"column":14},"end":{"line":57,"column":30}},"26":{"start":{"line":58,"column":14},"end":{"line":58,"column":27}},"27":{"start":{"line":59,"column":15},"end":{"line":59,"column":29}},"28":{"start":{"line":63,"column":33},"end":{"line":72,"column":3}},"29":{"start":{"line":64,"column":4},"end":{"line":71,"column":5}},"30":{"start":{"line":65,"column":14},"end":{"line":65,"column":45}},"31":{"start":{"line":66,"column":14},"end":{"line":66,"column":40}},"32":{"start":{"line":67,"column":14},"end":{"line":67,"column":40}},"33":{"start":{"line":68,"column":14},"end":{"line":68,"column":37}},"34":{"start":{"line":69,"column":14},"end":{"line":69,"column":42}},"35":{"start":{"line":70,"column":15},"end":{"line":70,"column":32}},"36":{"start":{"line":74,"column":27},"end":{"line":83,"column":3}},"37":{"start":{"line":75,"column":4},"end":{"line":75,"column":19}},"38":{"start":{"line":76,"column":4},"end":{"line":76,"column":32}},"39":{"start":{"line":76,"column":25},"end":{"line":76,"column":32}},"40":{"start":{"line":78,"column":21},"end":{"line":80,"column":5}},"41":{"start":{"line":81,"column":17},"end":{"line":81,"column":38}},"42":{"start":{"line":82,"column":4},"end":{"line":82,"column":43}},"43":{"start":{"line":85,"column":25},"end":{"line":102,"column":3}},"44":{"start":{"line":86,"column":21},"end":{"line":88,"column":5}},"45":{"start":{"line":89,"column":17},"end":{"line":89,"column":38}},"46":{"start":{"line":90,"column":21},"end":{"line":90,"column":50}},"47":{"start":{"line":92,"column":4},"end":{"line":92,"column":52}},"48":{"start":{"line":93,"column":4},"end":{"line":98,"column":7}},"49":{"start":{"line":99,"column":4},"end":{"line":99,"column":23}},"50":{"start":{"line":100,"column":4},"end":{"line":100,"column":31}},"51":{"start":{"line":101,"column":4},"end":{"line":101,"column":26}},"52":{"start":{"line":104,"column":27},"end":{"line":131,"column":3}},"53":{"start":{"line":105,"column":4},"end":{"line":105,"column":32}},"54":{"start":{"line":105,"column":25},"end":{"line":105,"column":32}},"55":{"start":{"line":107,"column":23},"end":{"line":107,"column":37}},"56":{"start":{"line":108,"column":20},"end":{"line":114,"column":5}},"57":{"start":{"line":116,"column":4},"end":{"line":130,"column":5}},"58":{"start":{"line":117,"column":6},"end":{"line":117,"column":23}},"59":{"start":{"line":118,"column":18},"end":{"line":122,"column":8}},"60":{"start":{"line":123,"column":19},"end":{"line":123,"column":35}},"61":{"start":{"line":124,"column":20},"end":{"line":124,"column":51}},"62":{"start":{"line":125,"column":6},"end":{"line":125,"column":43}},"63":{"start":{"line":127,"column":6},"end":{"line":127,"column":39}},"64":{"start":{"line":129,"column":6},"end":{"line":129,"column":24}},"65":{"start":{"line":133,"column":2},"end":{"line":223,"column":4}},"66":{"start":{"line":136,"column":41},"end":{"line":136,"column":68}},"67":{"start":{"line":153,"column":36},"end":{"line":153,"column":49}},"68":{"start":{"line":155,"column":14},"end":{"line":157,"column":33}},"69":{"start":{"line":155,"column":47},"end":{"line":155,"column":76}},"70":{"start":{"line":168,"column":42},"end":{"line":168,"column":68}},"71":{"start":{"line":171,"column":14},"end":{"line":171,"column":79}},"72":{"start":{"line":179,"column":42},"end":{"line":179,"column":69}},"73":{"start":{"line":182,"column":14},"end":{"line":182,"column":69}},"74":{"start":{"line":190,"column":42},"end":{"line":190,"column":68}},"75":{"start":{"line":193,"column":27},"end":{"line":193,"column":61}},"76":{"start":{"line":194,"column":14},"end":{"line":194,"column":74}},"77":{"start":{"line":226,"column":15},"end":{"line":297,"column":2}}},"fnMap":{"0":{"name":"(anonymous_0)","decl":{"start":{"line":27,"column":67},"end":{"line":27,"column":68}},"loc":{"start":{"line":27,"column":89},"end":{"line":30,"column":1}},"line":27},"1":{"name":"(anonymous_1)","decl":{"start":{"line":32,"column":16},"end":{"line":32,"column":17}},"loc":{"start":{"line":32,"column":36},"end":{"line":224,"column":1}},"line":32},"2":{"name":"(anonymous_2)","decl":{"start":{"line":52,"column":27},"end":{"line":52,"column":28}},"loc":{"start":{"line":52,"column":38},"end":{"line":61,"column":3}},"line":52},"3":{"name":"(anonymous_3)","decl":{"start":{"line":63,"column":33},"end":{"line":63,"column":34}},"loc":{"start":{"line":63,"column":44},"end":{"line":72,"column":3}},"line":63},"4":{"name":"(anonymous_4)","decl":{"start":{"line":74,"column":27},"end":{"line":74,"column":28}},"loc":{"start":{"line":74,"column":43},"end":{"line":83,"column":3}},"line":74},"5":{"name":"(anonymous_5)","decl":{"start":{"line":85,"column":25},"end":{"line":85,"column":26}},"loc":{"start":{"line":85,"column":44},"end":{"line":102,"column":3}},"line":85},"6":{"name":"(anonymous_6)","decl":{"start":{"line":104,"column":27},"end":{"line":104,"column":28}},"loc":{"start":{"line":104,"column":39},"end":{"line":131,"column":3}},"line":104},"7":{"name":"(anonymous_7)","decl":{"start":{"line":136,"column":35},"end":{"line":136,"column":36}},"loc":{"start":{"line":136,"column":41},"end":{"line":136,"column":68}},"line":136},"8":{"name":"(anonymous_8)","decl":{"start":{"line":153,"column":26},"end":{"line":153,"column":27}},"loc":{"start":{"line":153,"column":36},"end":{"line":153,"column":49}},"line":153},"9":{"name":"(anonymous_9)","decl":{"start":{"line":154,"column":24},"end":{"line":154,"column":25}},"loc":{"start":{"line":155,"column":14},"end":{"line":157,"column":33}},"line":155},"10":{"name":"(anonymous_10)","decl":{"start":{"line":155,"column":41},"end":{"line":155,"column":42}},"loc":{"start":{"line":155,"column":47},"end":{"line":155,"column":76}},"line":155},"11":{"name":"(anonymous_11)","decl":{"start":{"line":168,"column":27},"end":{"line":168,"column":28}},"loc":{"start":{"line":168,"column":42},"end":{"line":168,"column":68}},"line":168},"12":{"name":"(anonymous_12)","decl":{"start":{"line":170,"column":32},"end":{"line":170,"column":33}},"loc":{"start":{"line":171,"column":14},"end":{"line":171,"column":79}},"line":171},"13":{"name":"(anonymous_13)","decl":{"start":{"line":179,"column":27},"end":{"line":179,"column":28}},"loc":{"start":{"line":179,"column":42},"end":{"line":179,"column":69}},"line":179},"14":{"name":"(anonymous_14)","decl":{"start":{"line":181,"column":48},"end":{"line":181,"column":49}},"loc":{"start":{"line":182,"column":14},"end":{"line":182,"column":69}},"line":182},"15":{"name":"(anonymous_15)","decl":{"start":{"line":190,"column":27},"end":{"line":190,"column":28}},"loc":{"start":{"line":190,"column":42},"end":{"line":190,"column":68}},"line":190},"16":{"name":"(anonymous_16)","decl":{"start":{"line":192,"column":32},"end":{"line":192,"column":33}},"loc":{"start":{"line":192,"column":42},"end":{"line":195,"column":13}},"line":192}},"branchMap":{"0":{"loc":{"start":{"line":53,"column":4},"end":{"line":60,"column":5}},"type":"switch","locations":[{"start":{"line":54,"column":6},"end":{"line":54,"column":34}},{"start":{"line":55,"column":6},"end":{"line":55,"column":29}},{"start":{"line":56,"column":6},"end":{"line":56,"column":30}},{"start":{"line":57,"column":6},"end":{"line":57,"column":30}},{"start":{"line":58,"column":6},"end":{"line":58,"column":27}},{"start":{"line":59,"column":6},"end":{"line":59,"column":29}}],"line":53},"1":{"loc":{"start":{"line":64,"column":4},"end":{"line":71,"column":5}},"type":"switch","locations":[{"start":{"line":65,"column":6},"end":{"line":65,"column":45}},{"start":{"line":66,"column":6},"end":{"line":66,"column":40}},{"start":{"line":67,"column":6},"end":{"line":67,"column":40}},{"start":{"line":68,"column":6},"end":{"line":68,"column":37}},{"start":{"line":69,"column":6},"end":{"line":69,"column":42}},{"start":{"line":70,"column":6},"end":{"line":70,"column":32}}],"line":64},"2":{"loc":{"start":{"line":76,"column":4},"end":{"line":76,"column":32}},"type":"if","locations":[{"start":{"line":76,"column":4},"end":{"line":76,"column":32}},{"start":{},"end":{}}],"line":76},"3":{"loc":{"start":{"line":82,"column":19},"end":{"line":82,"column":41}},"type":"binary-expr","locations":[{"start":{"line":82,"column":19},"end":{"line":82,"column":35}},{"start":{"line":82,"column":39},"end":{"line":82,"column":41}}],"line":82},"4":{"loc":{"start":{"line":105,"column":4},"end":{"line":105,"column":32}},"type":"if","locations":[{"start":{"line":105,"column":4},"end":{"line":105,"column":32}},{"start":{},"end":{}}],"line":105},"5":{"loc":{"start":{"line":124,"column":20},"end":{"line":124,"column":51}},"type":"binary-expr","locations":[{"start":{"line":124,"column":20},"end":{"line":124,"column":46}},{"start":{"line":124,"column":50},"end":{"line":124,"column":51}}],"line":124},"6":{"loc":{"start":{"line":149,"column":7},"end":{"line":162,"column":7}},"type":"binary-expr","locations":[{"start":{"line":149,"column":7},"end":{"line":149,"column":29}},{"start":{"line":150,"column":8},"end":{"line":161,"column":15}}],"line":149},"7":{"loc":{"start":{"line":201,"column":9},"end":{"line":201,"column":97}},"type":"cond-expr","locations":[{"start":{"line":201,"column":19},"end":{"line":201,"column":53}},{"start":{"line":201,"column":56},"end":{"line":201,"column":97}}],"line":201},"8":{"loc":{"start":{"line":205,"column":9},"end":{"line":220,"column":9}},"type":"binary-expr","locations":[{"start":{"line":205,"column":9},"end":{"line":205,"column":21}},{"start":{"line":206,"column":10},"end":{"line":219,"column":13}}],"line":205}},"s":{"0":1,"1":1,"2":1,"3":1,"4":1,"5":12,"6":12,"7":1,"8":1,"9":1,"10":1,"11":1,"12":1,"13":1,"14":1,"15":1,"16":1,"17":1,"18":1,"19":1,"20":1,"21":0,"22":0,"23":0,"24":0,"25":0,"26":0,"27":0,"28":1,"29":0,"30":0,"31":0,"32":0,"33":0,"34":0,"35":0,"36":1,"37":0,"38":0,"39":0,"40":0,"41":0,"42":0,"43":1,"44":0,"45":0,"46":0,"47":0,"48":0,"49":0,"50":0,"51":0,"52":1,"53":0,"54":0,"55":0,"56":0,"57":0,"58":0,"59":0,"60":0,"61":0,"62":0,"63":0,"64":0,"65":1,"66":0,"67":0,"68":0,"69":0,"70":0,"71":31,"72":0,"73":12,"74":0,"75":24,"76":24,"77":1},"f":{"0":12,"1":1,"2":0,"3":0,"4":0,"5":0,"6":0,"7":0,"8":0,"9":0,"10":0,"11":0,"12":31,"13":0,"14":12,"15":0,"16":24},"b":{"0":[0,0,0,0,0,0],"1":[0,0,0,0,0,0],"2":[0,0],"3":[0,0],"4":[0,0],"5":[0,0],"6":[1,0],"7":[0,1],"8":[1,0]},"_coverageSchema":"1a1c01bbd47fc00a2c39e90264f33305004495a9","hash":"8d7056553a31032a4faf41cd051421c1872db313"}
,"C:\\Users\\TIRTHANKAR KHAUND\\Desktop\\yo\\ase_grp2\\frontend\\apps\\mobile\\Components\\Weather.js": {"path":"C:\\Users\\TIRTHANKAR KHAUND\\Desktop\\yo\\ase_grp2\\frontend\\apps\\mobile\\Components\\Weather.js","statementMap":{"0":{"start":{"line":16,"column":23},"end":{"line":16,"column":48}},"1":{"start":{"line":17,"column":24},"end":{"line":17,"column":50}},"2":{"start":{"line":19,"column":19},"end":{"line":19,"column":43}},"3":{"start":{"line":21,"column":16},"end":{"line":177,"column":1}},"4":{"start":{"line":22,"column":28},"end":{"line":22,"column":40}},"5":{"start":{"line":23,"column":40},"end":{"line":23,"column":52}},"6":{"start":{"line":24,"column":46},"end":{"line":24,"column":60}},"7":{"start":{"line":25,"column":36},"end":{"line":30,"column":4}},"8":{"start":{"line":31,"column":40},"end":{"line":31,"column":54}},"9":{"start":{"line":32,"column":50},"end":{"line":32,"column":64}},"10":{"start":{"line":33,"column":32},"end":{"line":33,"column":47}},"11":{"start":{"line":35,"column":27},"end":{"line":44,"column":3}},"12":{"start":{"line":36,"column":4},"end":{"line":36,"column":19}},"13":{"start":{"line":37,"column":4},"end":{"line":37,"column":32}},"14":{"start":{"line":37,"column":25},"end":{"line":37,"column":32}},"15":{"start":{"line":39,"column":21},"end":{"line":41,"column":5}},"16":{"start":{"line":42,"column":17},"end":{"line":42,"column":38}},"17":{"start":{"line":43,"column":4},"end":{"line":43,"column":43}},"18":{"start":{"line":46,"column":25},"end":{"line":64,"column":3}},"19":{"start":{"line":47,"column":21},"end":{"line":49,"column":5}},"20":{"start":{"line":50,"column":17},"end":{"line":50,"column":38}},"21":{"start":{"line":51,"column":21},"end":{"line":51,"column":50}},"22":{"start":{"line":53,"column":4},"end":{"line":53,"column":52}},"23":{"start":{"line":54,"column":4},"end":{"line":59,"column":7}},"24":{"start":{"line":60,"column":4},"end":{"line":60,"column":23}},"25":{"start":{"line":61,"column":4},"end":{"line":61,"column":31}},"26":{"start":{"line":62,"column":4},"end":{"line":62,"column":25}},"27":{"start":{"line":63,"column":4},"end":{"line":63,"column":30}},"28":{"start":{"line":66,"column":27},"end":{"line":92,"column":3}},"29":{"start":{"line":67,"column":4},"end":{"line":67,"column":32}},"30":{"start":{"line":67,"column":25},"end":{"line":67,"column":32}},"31":{"start":{"line":69,"column":23},"end":{"line":69,"column":37}},"32":{"start":{"line":70,"column":4},"end":{"line":91,"column":5}},"33":{"start":{"line":71,"column":6},"end":{"line":71,"column":23}},"34":{"start":{"line":74,"column":25},"end":{"line":76,"column":7}},"35":{"start":{"line":77,"column":26},"end":{"line":77,"column":49}},"36":{"start":{"line":80,"column":30},"end":{"line":82,"column":7}},"37":{"start":{"line":83,"column":31},"end":{"line":83,"column":59}},"38":{"start":{"line":85,"column":6},"end":{"line":85,"column":34}},"39":{"start":{"line":86,"column":6},"end":{"line":86,"column":63}},"40":{"start":{"line":88,"column":6},"end":{"line":88,"column":39}},"41":{"start":{"line":90,"column":6},"end":{"line":90,"column":24}},"42":{"start":{"line":94,"column":34},"end":{"line":100,"column":3}},"43":{"start":{"line":95,"column":4},"end":{"line":95,"column":40}},"44":{"start":{"line":95,"column":20},"end":{"line":95,"column":40}},"45":{"start":{"line":96,"column":4},"end":{"line":96,"column":37}},"46":{"start":{"line":96,"column":21},"end":{"line":96,"column":37}},"47":{"start":{"line":97,"column":4},"end":{"line":97,"column":37}},"48":{"start":{"line":97,"column":21},"end":{"line":97,"column":37}},"49":{"start":{"line":98,"column":4},"end":{"line":98,"column":34}},"50":{"start":{"line":98,"column":21},"end":{"line":98,"column":34}},"51":{"start":{"line":99,"column":4},"end":{"line":99,"column":21}},"52":{"start":{"line":102,"column":2},"end":{"line":176,"column":4}},"53":{"start":{"line":106,"column":41},"end":{"line":106,"column":68}},"54":{"start":{"line":123,"column":36},"end":{"line":123,"column":49}},"55":{"start":{"line":125,"column":14},"end":{"line":127,"column":33}},"56":{"start":{"line":125,"column":47},"end":{"line":125,"column":76}},"57":{"start":{"line":179,"column":15},"end":{"line":249,"column":2}}},"fnMap":{"0":{"name":"(anonymous_0)","decl":{"start":{"line":21,"column":16},"end":{"line":21,"column":17}},"loc":{"start":{"line":21,"column":36},"end":{"line":177,"column":1}},"line":21},"1":{"name":"(anonymous_1)","decl":{"start":{"line":35,"column":27},"end":{"line":35,"column":28}},"loc":{"start":{"line":35,"column":43},"end":{"line":44,"column":3}},"line":35},"2":{"name":"(anonymous_2)","decl":{"start":{"line":46,"column":25},"end":{"line":46,"column":26}},"loc":{"start":{"line":46,"column":44},"end":{"line":64,"column":3}},"line":46},"3":{"name":"(anonymous_3)","decl":{"start":{"line":66,"column":27},"end":{"line":66,"column":28}},"loc":{"start":{"line":66,"column":39},"end":{"line":92,"column":3}},"line":66},"4":{"name":"(anonymous_4)","decl":{"start":{"line":94,"column":34},"end":{"line":94,"column":35}},"loc":{"start":{"line":94,"column":45},"end":{"line":100,"column":3}},"line":94},"5":{"name":"(anonymous_5)","decl":{"start":{"line":106,"column":35},"end":{"line":106,"column":36}},"loc":{"start":{"line":106,"column":41},"end":{"line":106,"column":68}},"line":106},"6":{"name":"(anonymous_6)","decl":{"start":{"line":123,"column":26},"end":{"line":123,"column":27}},"loc":{"start":{"line":123,"column":36},"end":{"line":123,"column":49}},"line":123},"7":{"name":"(anonymous_7)","decl":{"start":{"line":124,"column":24},"end":{"line":124,"column":25}},"loc":{"start":{"line":125,"column":14},"end":{"line":127,"column":33}},"line":125},"8":{"name":"(anonymous_8)","decl":{"start":{"line":125,"column":41},"end":{"line":125,"column":42}},"loc":{"start":{"line":125,"column":47},"end":{"line":125,"column":76}},"line":125}},"branchMap":{"0":{"loc":{"start":{"line":37,"column":4},"end":{"line":37,"column":32}},"type":"if","locations":[{"start":{"line":37,"column":4},"end":{"line":37,"column":32}},{"start":{},"end":{}}],"line":37},"1":{"loc":{"start":{"line":43,"column":19},"end":{"line":43,"column":41}},"type":"binary-expr","locations":[{"start":{"line":43,"column":19},"end":{"line":43,"column":35}},{"start":{"line":43,"column":39},"end":{"line":43,"column":41}}],"line":43},"2":{"loc":{"start":{"line":67,"column":4},"end":{"line":67,"column":32}},"type":"if","locations":[{"start":{"line":67,"column":4},"end":{"line":67,"column":32}},{"start":{},"end":{}}],"line":67},"3":{"loc":{"start":{"line":95,"column":4},"end":{"line":95,"column":40}},"type":"if","locations":[{"start":{"line":95,"column":4},"end":{"line":95,"column":40}},{"start":{},"end":{}}],"line":95},"4":{"loc":{"start":{"line":96,"column":4},"end":{"line":96,"column":37}},"type":"if","locations":[{"start":{"line":96,"column":4},"end":{"line":96,"column":37}},{"start":{},"end":{}}],"line":96},"5":{"loc":{"start":{"line":97,"column":4},"end":{"line":97,"column":37}},"type":"if","locations":[{"start":{"line":97,"column":4},"end":{"line":97,"column":37}},{"start":{},"end":{}}],"line":97},"6":{"loc":{"start":{"line":98,"column":4},"end":{"line":98,"column":34}},"type":"if","locations":[{"start":{"line":98,"column":4},"end":{"line":98,"column":34}},{"start":{},"end":{}}],"line":98},"7":{"loc":{"start":{"line":119,"column":7},"end":{"line":132,"column":7}},"type":"binary-expr","locations":[{"start":{"line":119,"column":7},"end":{"line":119,"column":29}},{"start":{"line":120,"column":8},"end":{"line":131,"column":15}}],"line":119},"8":{"loc":{"start":{"line":135,"column":9},"end":{"line":135,"column":106}},"type":"cond-expr","locations":[{"start":{"line":135,"column":19},"end":{"line":135,"column":53}},{"start":{"line":135,"column":56},"end":{"line":135,"column":106}}],"line":135},"9":{"loc":{"start":{"line":138,"column":7},"end":{"line":156,"column":7}},"type":"binary-expr","locations":[{"start":{"line":138,"column":7},"end":{"line":138,"column":18}},{"start":{"line":138,"column":22},"end":{"line":138,"column":38}},{"start":{"line":139,"column":8},"end":{"line":155,"column":15}}],"line":138},"10":{"loc":{"start":{"line":152,"column":15},"end":{"line":152,"column":106}},"type":"cond-expr","locations":[{"start":{"line":152,"column":48},"end":{"line":152,"column":54}},{"start":{"line":152,"column":57},"end":{"line":152,"column":106}}],"line":152},"11":{"loc":{"start":{"line":152,"column":57},"end":{"line":152,"column":106}},"type":"cond-expr","locations":[{"start":{"line":152,"column":91},"end":{"line":152,"column":97}},{"start":{"line":152,"column":100},"end":{"line":152,"column":106}}],"line":152},"12":{"loc":{"start":{"line":159,"column":9},"end":{"line":161,"column":9}},"type":"binary-expr","locations":[{"start":{"line":159,"column":9},"end":{"line":159,"column":23}},{"start":{"line":160,"column":10},"end":{"line":160,"column":95}}],"line":159},"13":{"loc":{"start":{"line":163,"column":9},"end":{"line":173,"column":9}},"type":"binary-expr","locations":[{"start":{"line":163,"column":9},"end":{"line":163,"column":20}},{"start":{"line":163,"column":24},"end":{"line":163,"column":40}},{"start":{"line":163,"column":44},"end":{"line":163,"column":58}},{"start":{"line":164,"column":10},"end":{"line":172,"column":12}}],"line":163}},"s":{"0":1,"1":1,"2":1,"3":1,"4":6,"5":6,"6":6,"7":6,"8":6,"9":6,"10":6,"11":6,"12":1,"13":1,"14":0,"15":1,"16":1,"17":1,"18":6,"19":1,"20":1,"21":1,"22":1,"23":1,"24":1,"25":1,"26":1,"27":1,"28":6,"29":1,"30":1,"31":0,"32":0,"33":0,"34":0,"35":0,"36":0,"37":0,"38":0,"39":0,"40":0,"41":0,"42":6,"43":0,"44":0,"45":0,"46":0,"47":0,"48":0,"49":0,"50":0,"51":0,"52":6,"53":1,"54":2,"55":1,"56":1,"57":1},"f":{"0":6,"1":1,"2":1,"3":1,"4":0,"5":1,"6":2,"7":1,"8":1},"b":{"0":[0,1],"1":[1,0],"2":[1,0],"3":[0,0],"4":[0,0],"5":[0,0],"6":[0,0],"7":[6,1],"8":[0,6],"9":[6,0,0],"10":[0,0],"11":[0,0],"12":[6,1],"13":[6,0,0,0]},"_coverageSchema":"1a1c01bbd47fc00a2c39e90264f33305004495a9","hash":"919289d8313ac0e55e3a68e976e3c79992b2f548"}
,"C:\\Users\\TIRTHANKAR KHAUND\\Desktop\\yo\\ase_grp2\\frontend\\apps\\mobile\\Components\\homePage.js": {"path":"C:\\Users\\TIRTHANKAR KHAUND\\Desktop\\yo\\ase_grp2\\frontend\\apps\\mobile\\Components\\homePage.js","statementMap":{"0":{"start":{"line":24,"column":17},"end":{"line":523,"column":1}},"1":{"start":{"line":25,"column":34},"end":{"line":25,"column":49}},"2":{"start":{"line":26,"column":44},"end":{"line":26,"column":59}},"3":{"start":{"line":27,"column":32},"end":{"line":27,"column":44}},"4":{"start":{"line":28,"column":50},"end":{"line":28,"column":62}},"5":{"start":{"line":29,"column":34},"end":{"line":29,"column":48}},"6":{"start":{"line":30,"column":42},"end":{"line":30,"column":73}},"7":{"start":{"line":31,"column":32},"end":{"line":31,"column":46}},"8":{"start":{"line":32,"column":30},"end":{"line":32,"column":42}},"9":{"start":{"line":33,"column":44},"end":{"line":33,"column":58}},"10":{"start":{"line":34,"column":46},"end":{"line":34,"column":60}},"11":{"start":{"line":35,"column":68},"end":{"line":35,"column":83}},"12":{"start":{"line":37,"column":30},"end":{"line":37,"column":56}},"13":{"start":{"line":39,"column":25},"end":{"line":51,"column":3}},"14":{"start":{"line":40,"column":4},"end":{"line":50,"column":5}},"15":{"start":{"line":41,"column":23},"end":{"line":41,"column":82}},"16":{"start":{"line":42,"column":6},"end":{"line":45,"column":7}},"17":{"start":{"line":43,"column":46},"end":{"line":43,"column":57}},"18":{"start":{"line":44,"column":8},"end":{"line":44,"column":67}},"19":{"start":{"line":46,"column":6},"end":{"line":46,"column":32}},"20":{"start":{"line":48,"column":6},"end":{"line":48,"column":58}},"21":{"start":{"line":49,"column":6},"end":{"line":49,"column":32}},"22":{"start":{"line":53,"column":36},"end":{"line":73,"column":3}},"23":{"start":{"line":54,"column":4},"end":{"line":72,"column":5}},"24":{"start":{"line":55,"column":25},"end":{"line":55,"column":75}},"25":{"start":{"line":56,"column":6},"end":{"line":68,"column":7}},"26":{"start":{"line":57,"column":8},"end":{"line":57,"column":43}},"27":{"start":{"line":58,"column":8},"end":{"line":58,"column":20}},"28":{"start":{"line":60,"column":8},"end":{"line":60,"column":44}},"29":{"start":{"line":61,"column":8},"end":{"line":61,"column":54}},"30":{"start":{"line":62,"column":8},"end":{"line":66,"column":10}},"31":{"start":{"line":67,"column":8},"end":{"line":67,"column":21}},"32":{"start":{"line":70,"column":6},"end":{"line":70,"column":68}},"33":{"start":{"line":71,"column":6},"end":{"line":71,"column":19}},"34":{"start":{"line":75,"column":2},"end":{"line":124,"column":9}},"35":{"start":{"line":76,"column":24},"end":{"line":121,"column":5}},"36":{"start":{"line":77,"column":6},"end":{"line":120,"column":7}},"37":{"start":{"line":78,"column":29},"end":{"line":78,"column":67}},"38":{"start":{"line":79,"column":31},"end":{"line":79,"column":78}},"39":{"start":{"line":81,"column":8},"end":{"line":90,"column":9}},"40":{"start":{"line":82,"column":10},"end":{"line":82,"column":47}},"41":{"start":{"line":84,"column":33},"end":{"line":87,"column":11}},"42":{"start":{"line":88,"column":10},"end":{"line":88,"column":37}},"43":{"start":{"line":89,"column":10},"end":{"line":89,"column":81}},"44":{"start":{"line":92,"column":8},"end":{"line":98,"column":9}},"45":{"start":{"line":93,"column":10},"end":{"line":93,"column":58}},"46":{"start":{"line":95,"column":35},"end":{"line":95,"column":54}},"47":{"start":{"line":96,"column":10},"end":{"line":96,"column":48}},"48":{"start":{"line":97,"column":10},"end":{"line":97,"column":92}},"49":{"start":{"line":100,"column":34},"end":{"line":100,"column":67}},"50":{"start":{"line":101,"column":8},"end":{"line":116,"column":9}},"51":{"start":{"line":102,"column":10},"end":{"line":115,"column":11}},"52":{"start":{"line":103,"column":31},"end":{"line":107,"column":14}},"53":{"start":{"line":108,"column":12},"end":{"line":108,"column":32}},"54":{"start":{"line":109,"column":25},"end":{"line":109,"column":80}},"55":{"start":{"line":110,"column":12},"end":{"line":110,"column":34}},"56":{"start":{"line":111,"column":12},"end":{"line":111,"column":60}},"57":{"start":{"line":113,"column":12},"end":{"line":113,"column":63}},"58":{"start":{"line":114,"column":12},"end":{"line":114,"column":55}},"59":{"start":{"line":118,"column":8},"end":{"line":118,"column":75}},"60":{"start":{"line":119,"column":8},"end":{"line":119,"column":50}},"61":{"start":{"line":123,"column":4},"end":{"line":123,"column":18}},"62":{"start":{"line":126,"column":2},"end":{"line":130,"column":4}},"63":{"start":{"line":128,"column":6},"end":{"line":128,"column":20}},"64":{"start":{"line":132,"column":22},"end":{"line":158,"column":3}},"65":{"start":{"line":133,"column":4},"end":{"line":157,"column":5}},"66":{"start":{"line":134,"column":6},"end":{"line":134,"column":29}},"67":{"start":{"line":135,"column":25},"end":{"line":135,"column":46}},"68":{"start":{"line":136,"column":24},"end":{"line":136,"column":67}},"69":{"start":{"line":136,"column":41},"end":{"line":136,"column":59}},"70":{"start":{"line":138,"column":23},"end":{"line":141,"column":8}},"71":{"start":{"line":143,"column":6},"end":{"line":143,"column":30}},"72":{"start":{"line":145,"column":6},"end":{"line":150,"column":7}},"73":{"start":{"line":146,"column":8},"end":{"line":146,"column":33}},"74":{"start":{"line":148,"column":8},"end":{"line":148,"column":76}},"75":{"start":{"line":149,"column":8},"end":{"line":149,"column":22}},"76":{"start":{"line":152,"column":6},"end":{"line":152,"column":53}},"77":{"start":{"line":153,"column":6},"end":{"line":153,"column":20}},"78":{"start":{"line":156,"column":6},"end":{"line":156,"column":30}},"79":{"start":{"line":160,"column":23},"end":{"line":193,"column":3}},"80":{"start":{"line":161,"column":4},"end":{"line":165,"column":5}},"81":{"start":{"line":162,"column":6},"end":{"line":162,"column":61}},"82":{"start":{"line":163,"column":6},"end":{"line":163,"column":31}},"83":{"start":{"line":164,"column":6},"end":{"line":164,"column":13}},"84":{"start":{"line":167,"column":4},"end":{"line":192,"column":5}},"85":{"start":{"line":168,"column":6},"end":{"line":168,"column":30}},"86":{"start":{"line":169,"column":25},"end":{"line":169,"column":46}},"87":{"start":{"line":170,"column":24},"end":{"line":170,"column":67}},"88":{"start":{"line":170,"column":41},"end":{"line":170,"column":59}},"89":{"start":{"line":172,"column":23},"end":{"line":175,"column":7}},"90":{"start":{"line":177,"column":6},"end":{"line":177,"column":30}},"91":{"start":{"line":179,"column":6},"end":{"line":185,"column":7}},"92":{"start":{"line":180,"column":21},"end":{"line":180,"column":42}},"93":{"start":{"line":181,"column":8},"end":{"line":181,"column":25}},"94":{"start":{"line":183,"column":8},"end":{"line":183,"column":61}},"95":{"start":{"line":184,"column":8},"end":{"line":184,"column":25}},"96":{"start":{"line":187,"column":6},"end":{"line":187,"column":59}},"97":{"start":{"line":188,"column":6},"end":{"line":188,"column":23}},"98":{"start":{"line":191,"column":6},"end":{"line":191,"column":31}},"99":{"start":{"line":195,"column":26},"end":{"line":197,"column":3}},"100":{"start":{"line":196,"column":4},"end":{"line":196,"column":32}},"101":{"start":{"line":199,"column":25},"end":{"line":210,"column":3}},"102":{"start":{"line":200,"column":4},"end":{"line":208,"column":5}},"103":{"start":{"line":201,"column":6},"end":{"line":206,"column":7}},"104":{"start":{"line":202,"column":8},"end":{"line":202,"column":72}},"105":{"start":{"line":203,"column":8},"end":{"line":203,"column":90}},"106":{"start":{"line":205,"column":8},"end":{"line":205,"column":51}},"107":{"start":{"line":207,"column":6},"end":{"line":207,"column":30}},"108":{"start":{"line":209,"column":4},"end":{"line":209,"column":27}},"109":{"start":{"line":212,"column":26},"end":{"line":222,"column":3}},"110":{"start":{"line":213,"column":4},"end":{"line":221,"column":5}},"111":{"start":{"line":214,"column":25},"end":{"line":214,"column":67}},"112":{"start":{"line":215,"column":6},"end":{"line":215,"column":26}},"113":{"start":{"line":216,"column":19},"end":{"line":216,"column":74}},"114":{"start":{"line":217,"column":6},"end":{"line":217,"column":28}},"115":{"start":{"line":218,"column":6},"end":{"line":218,"column":54}},"116":{"start":{"line":220,"column":6},"end":{"line":220,"column":57}},"117":{"start":{"line":224,"column":26},"end":{"line":238,"column":3}},"118":{"start":{"line":225,"column":23},"end":{"line":225,"column":72}},"119":{"start":{"line":226,"column":25},"end":{"line":226,"column":67}},"120":{"start":{"line":226,"column":56},"end":{"line":226,"column":66}},"121":{"start":{"line":228,"column":4},"end":{"line":228,"column":27}},"122":{"start":{"line":229,"column":4},"end":{"line":229,"column":38}},"123":{"start":{"line":230,"column":4},"end":{"line":230,"column":28}},"124":{"start":{"line":232,"column":4},"end":{"line":237,"column":5}},"125":{"start":{"line":233,"column":6},"end":{"line":233,"column":73}},"126":{"start":{"line":234,"column":6},"end":{"line":234,"column":84}},"127":{"start":{"line":236,"column":6},"end":{"line":236,"column":49}},"128":{"start":{"line":240,"column":23},"end":{"line":253,"column":3}},"129":{"start":{"line":241,"column":23},"end":{"line":241,"column":67}},"130":{"start":{"line":241,"column":50},"end":{"line":241,"column":66}},"131":{"start":{"line":242,"column":25},"end":{"line":242,"column":52}},"132":{"start":{"line":244,"column":4},"end":{"line":244,"column":27}},"133":{"start":{"line":245,"column":4},"end":{"line":245,"column":38}},"134":{"start":{"line":247,"column":4},"end":{"line":252,"column":5}},"135":{"start":{"line":248,"column":6},"end":{"line":248,"column":73}},"136":{"start":{"line":249,"column":6},"end":{"line":249,"column":84}},"137":{"start":{"line":251,"column":6},"end":{"line":251,"column":49}},"138":{"start":{"line":255,"column":21},"end":{"line":262,"column":3}},"139":{"start":{"line":256,"column":17},"end":{"line":256,"column":37}},"140":{"start":{"line":257,"column":4},"end":{"line":261,"column":7}},"141":{"start":{"line":264,"column":21},"end":{"line":266,"column":3}},"142":{"start":{"line":265,"column":4},"end":{"line":265,"column":55}},"143":{"start":{"line":268,"column":23},"end":{"line":431,"column":3}},"144":{"start":{"line":269,"column":26},"end":{"line":392,"column":5}},"145":{"start":{"line":270,"column":6},"end":{"line":391,"column":7}},"146":{"start":{"line":272,"column":10},"end":{"line":279,"column":11}},"147":{"start":{"line":273,"column":12},"end":{"line":278,"column":14}},"148":{"start":{"line":280,"column":30},"end":{"line":280,"column":47}},"149":{"start":{"line":281,"column":37},"end":{"line":281,"column":67}},"150":{"start":{"line":282,"column":27},"end":{"line":282,"column":48}},"151":{"start":{"line":283,"column":27},"end":{"line":283,"column":48}},"152":{"start":{"line":284,"column":26},"end":{"line":284,"column":47}},"153":{"start":{"line":286,"column":10},"end":{"line":321,"column":12}},"154":{"start":{"line":323,"column":10},"end":{"line":330,"column":11}},"155":{"start":{"line":324,"column":12},"end":{"line":329,"column":14}},"156":{"start":{"line":331,"column":10},"end":{"line":357,"column":12}},"157":{"start":{"line":335,"column":16},"end":{"line":346,"column":23}},"158":{"start":{"line":351,"column":33},"end":{"line":351,"column":62}},"159":{"start":{"line":359,"column":10},"end":{"line":388,"column":12}},"160":{"start":{"line":375,"column":31},"end":{"line":375,"column":69}},"161":{"start":{"line":390,"column":10},"end":{"line":390,"column":22}},"162":{"start":{"line":394,"column":4},"end":{"line":400,"column":5}},"163":{"start":{"line":395,"column":6},"end":{"line":399,"column":8}},"164":{"start":{"line":402,"column":4},"end":{"line":430,"column":6}},"165":{"start":{"line":405,"column":10},"end":{"line":411,"column":11}},"166":{"start":{"line":406,"column":12},"end":{"line":406,"column":69}},"167":{"start":{"line":407,"column":17},"end":{"line":411,"column":11}},"168":{"start":{"line":408,"column":12},"end":{"line":408,"column":51}},"169":{"start":{"line":409,"column":17},"end":{"line":411,"column":11}},"170":{"start":{"line":410,"column":12},"end":{"line":410,"column":42}},"171":{"start":{"line":420,"column":16},"end":{"line":420,"column":36}},"172":{"start":{"line":421,"column":16},"end":{"line":421,"column":53}},"173":{"start":{"line":433,"column":2},"end":{"line":522,"column":4}},"174":{"start":{"line":470,"column":10},"end":{"line":472,"column":17}},"175":{"start":{"line":479,"column":27},"end":{"line":479,"column":49}},"176":{"start":{"line":492,"column":30},"end":{"line":492,"column":53}},"177":{"start":{"line":498,"column":47},"end":{"line":498,"column":70}},"178":{"start":{"line":504,"column":16},"end":{"line":515,"column":28}},"179":{"start":{"line":507,"column":33},"end":{"line":507,"column":54}},"180":{"start":{"line":525,"column":18},"end":{"line":525,"column":42}},"181":{"start":{"line":526,"column":20},"end":{"line":526,"column":30}},"182":{"start":{"line":528,"column":15},"end":{"line":817,"column":2}}},"fnMap":{"0":{"name":"(anonymous_0)","decl":{"start":{"line":24,"column":17},"end":{"line":24,"column":18}},"loc":{"start":{"line":24,"column":37},"end":{"line":523,"column":1}},"line":24},"1":{"name":"(anonymous_1)","decl":{"start":{"line":39,"column":25},"end":{"line":39,"column":26}},"loc":{"start":{"line":39,"column":56},"end":{"line":51,"column":3}},"line":39},"2":{"name":"(anonymous_2)","decl":{"start":{"line":53,"column":36},"end":{"line":53,"column":37}},"loc":{"start":{"line":53,"column":48},"end":{"line":73,"column":3}},"line":53},"3":{"name":"(anonymous_3)","decl":{"start":{"line":75,"column":12},"end":{"line":75,"column":13}},"loc":{"start":{"line":75,"column":18},"end":{"line":124,"column":3}},"line":75},"4":{"name":"(anonymous_4)","decl":{"start":{"line":76,"column":24},"end":{"line":76,"column":25}},"loc":{"start":{"line":76,"column":36},"end":{"line":121,"column":5}},"line":76},"5":{"name":"(anonymous_5)","decl":{"start":{"line":127,"column":22},"end":{"line":127,"column":23}},"loc":{"start":{"line":127,"column":28},"end":{"line":129,"column":5}},"line":127},"6":{"name":"(anonymous_6)","decl":{"start":{"line":132,"column":22},"end":{"line":132,"column":23}},"loc":{"start":{"line":132,"column":34},"end":{"line":158,"column":3}},"line":132},"7":{"name":"(anonymous_7)","decl":{"start":{"line":136,"column":35},"end":{"line":136,"column":36}},"loc":{"start":{"line":136,"column":41},"end":{"line":136,"column":59}},"line":136},"8":{"name":"(anonymous_8)","decl":{"start":{"line":160,"column":23},"end":{"line":160,"column":24}},"loc":{"start":{"line":160,"column":54},"end":{"line":193,"column":3}},"line":160},"9":{"name":"(anonymous_9)","decl":{"start":{"line":170,"column":35},"end":{"line":170,"column":36}},"loc":{"start":{"line":170,"column":41},"end":{"line":170,"column":59}},"line":170},"10":{"name":"(anonymous_10)","decl":{"start":{"line":195,"column":26},"end":{"line":195,"column":27}},"loc":{"start":{"line":195,"column":32},"end":{"line":197,"column":3}},"line":195},"11":{"name":"(anonymous_11)","decl":{"start":{"line":199,"column":25},"end":{"line":199,"column":26}},"loc":{"start":{"line":199,"column":37},"end":{"line":210,"column":3}},"line":199},"12":{"name":"(anonymous_12)","decl":{"start":{"line":212,"column":26},"end":{"line":212,"column":27}},"loc":{"start":{"line":212,"column":38},"end":{"line":222,"column":3}},"line":212},"13":{"name":"(anonymous_13)","decl":{"start":{"line":224,"column":26},"end":{"line":224,"column":27}},"loc":{"start":{"line":224,"column":42},"end":{"line":238,"column":3}},"line":224},"14":{"name":"(anonymous_14)","decl":{"start":{"line":226,"column":49},"end":{"line":226,"column":50}},"loc":{"start":{"line":226,"column":56},"end":{"line":226,"column":66}},"line":226},"15":{"name":"(anonymous_15)","decl":{"start":{"line":240,"column":23},"end":{"line":240,"column":24}},"loc":{"start":{"line":240,"column":43},"end":{"line":253,"column":3}},"line":240},"16":{"name":"(anonymous_16)","decl":{"start":{"line":241,"column":38},"end":{"line":241,"column":39}},"loc":{"start":{"line":241,"column":50},"end":{"line":241,"column":66}},"line":241},"17":{"name":"(anonymous_17)","decl":{"start":{"line":255,"column":21},"end":{"line":255,"column":22}},"loc":{"start":{"line":255,"column":37},"end":{"line":262,"column":3}},"line":255},"18":{"name":"(anonymous_18)","decl":{"start":{"line":264,"column":21},"end":{"line":264,"column":22}},"loc":{"start":{"line":264,"column":37},"end":{"line":266,"column":3}},"line":264},"19":{"name":"(anonymous_19)","decl":{"start":{"line":268,"column":23},"end":{"line":268,"column":24}},"loc":{"start":{"line":268,"column":54},"end":{"line":431,"column":3}},"line":268},"20":{"name":"(anonymous_20)","decl":{"start":{"line":269,"column":26},"end":{"line":269,"column":27}},"loc":{"start":{"line":269,"column":36},"end":{"line":392,"column":5}},"line":269},"21":{"name":"(anonymous_21)","decl":{"start":{"line":334,"column":38},"end":{"line":334,"column":39}},"loc":{"start":{"line":335,"column":16},"end":{"line":346,"column":23}},"line":335},"22":{"name":"(anonymous_22)","decl":{"start":{"line":351,"column":27},"end":{"line":351,"column":28}},"loc":{"start":{"line":351,"column":33},"end":{"line":351,"column":62}},"line":351},"23":{"name":"(anonymous_23)","decl":{"start":{"line":375,"column":25},"end":{"line":375,"column":26}},"loc":{"start":{"line":375,"column":31},"end":{"line":375,"column":69}},"line":375},"24":{"name":"(anonymous_24)","decl":{"start":{"line":404,"column":17},"end":{"line":404,"column":18}},"loc":{"start":{"line":404,"column":23},"end":{"line":412,"column":9}},"line":404},"25":{"name":"(anonymous_25)","decl":{"start":{"line":419,"column":23},"end":{"line":419,"column":24}},"loc":{"start":{"line":419,"column":30},"end":{"line":422,"column":15}},"line":419},"26":{"name":"(anonymous_26)","decl":{"start":{"line":469,"column":21},"end":{"line":469,"column":22}},"loc":{"start":{"line":470,"column":10},"end":{"line":472,"column":17}},"line":470},"27":{"name":"(anonymous_27)","decl":{"start":{"line":479,"column":21},"end":{"line":479,"column":22}},"loc":{"start":{"line":479,"column":27},"end":{"line":479,"column":49}},"line":479},"28":{"name":"(anonymous_28)","decl":{"start":{"line":492,"column":24},"end":{"line":492,"column":25}},"loc":{"start":{"line":492,"column":30},"end":{"line":492,"column":53}},"line":492},"29":{"name":"(anonymous_29)","decl":{"start":{"line":498,"column":41},"end":{"line":498,"column":42}},"loc":{"start":{"line":498,"column":47},"end":{"line":498,"column":70}},"line":498},"30":{"name":"(anonymous_30)","decl":{"start":{"line":503,"column":36},"end":{"line":503,"column":37}},"loc":{"start":{"line":504,"column":16},"end":{"line":515,"column":28}},"line":504},"31":{"name":"(anonymous_31)","decl":{"start":{"line":507,"column":27},"end":{"line":507,"column":28}},"loc":{"start":{"line":507,"column":33},"end":{"line":507,"column":54}},"line":507}},"branchMap":{"0":{"loc":{"start":{"line":42,"column":6},"end":{"line":45,"column":7}},"type":"if","locations":[{"start":{"line":42,"column":6},"end":{"line":45,"column":7}},{"start":{},"end":{}}],"line":42},"1":{"loc":{"start":{"line":44,"column":15},"end":{"line":44,"column":66}},"type":"binary-expr","locations":[{"start":{"line":44,"column":15},"end":{"line":44,"column":23}},{"start":{"line":44,"column":27},"end":{"line":44,"column":31}},{"start":{"line":44,"column":35},"end":{"line":44,"column":44}},{"start":{"line":44,"column":48},"end":{"line":44,"column":66}}],"line":44},"2":{"loc":{"start":{"line":56,"column":6},"end":{"line":68,"column":7}},"type":"if","locations":[{"start":{"line":56,"column":6},"end":{"line":68,"column":7}},{"start":{"line":59,"column":13},"end":{"line":68,"column":7}}],"line":56},"3":{"loc":{"start":{"line":81,"column":8},"end":{"line":90,"column":9}},"type":"if","locations":[{"start":{"line":81,"column":8},"end":{"line":90,"column":9}},{"start":{"line":83,"column":15},"end":{"line":90,"column":9}}],"line":81},"4":{"loc":{"start":{"line":92,"column":8},"end":{"line":98,"column":9}},"type":"if","locations":[{"start":{"line":92,"column":8},"end":{"line":98,"column":9}},{"start":{"line":94,"column":15},"end":{"line":98,"column":9}}],"line":92},"5":{"loc":{"start":{"line":101,"column":8},"end":{"line":116,"column":9}},"type":"if","locations":[{"start":{"line":101,"column":8},"end":{"line":116,"column":9}},{"start":{},"end":{}}],"line":101},"6":{"loc":{"start":{"line":145,"column":6},"end":{"line":150,"column":7}},"type":"if","locations":[{"start":{"line":145,"column":6},"end":{"line":150,"column":7}},{"start":{"line":147,"column":13},"end":{"line":150,"column":7}}],"line":145},"7":{"loc":{"start":{"line":145,"column":10},"end":{"line":145,"column":50}},"type":"binary-expr","locations":[{"start":{"line":145,"column":10},"end":{"line":145,"column":33}},{"start":{"line":145,"column":37},"end":{"line":145,"column":50}}],"line":145},"8":{"loc":{"start":{"line":161,"column":4},"end":{"line":165,"column":5}},"type":"if","locations":[{"start":{"line":161,"column":4},"end":{"line":165,"column":5}},{"start":{},"end":{}}],"line":161},"9":{"loc":{"start":{"line":161,"column":8},"end":{"line":161,"column":31}},"type":"binary-expr","locations":[{"start":{"line":161,"column":8},"end":{"line":161,"column":17}},{"start":{"line":161,"column":21},"end":{"line":161,"column":31}}],"line":161},"10":{"loc":{"start":{"line":179,"column":6},"end":{"line":185,"column":7}},"type":"if","locations":[{"start":{"line":179,"column":6},"end":{"line":185,"column":7}},{"start":{"line":182,"column":13},"end":{"line":185,"column":7}}],"line":179},"11":{"loc":{"start":{"line":200,"column":4},"end":{"line":208,"column":5}},"type":"if","locations":[{"start":{"line":200,"column":4},"end":{"line":208,"column":5}},{"start":{},"end":{}}],"line":200},"12":{"loc":{"start":{"line":268,"column":32},"end":{"line":268,"column":49}},"type":"default-arg","locations":[{"start":{"line":268,"column":44},"end":{"line":268,"column":49}}],"line":268},"13":{"loc":{"start":{"line":270,"column":6},"end":{"line":391,"column":7}},"type":"switch","locations":[{"start":{"line":271,"column":8},"end":{"line":321,"column":12}},{"start":{"line":322,"column":8},"end":{"line":357,"column":12}},{"start":{"line":358,"column":8},"end":{"line":388,"column":12}},{"start":{"line":389,"column":8},"end":{"line":390,"column":22}}],"line":270},"14":{"loc":{"start":{"line":272,"column":10},"end":{"line":279,"column":11}},"type":"if","locations":[{"start":{"line":272,"column":10},"end":{"line":279,"column":11}},{"start":{},"end":{}}],"line":272},"15":{"loc":{"start":{"line":272,"column":14},"end":{"line":272,"column":40}},"type":"binary-expr","locations":[{"start":{"line":272,"column":14},"end":{"line":272,"column":28}},{"start":{"line":272,"column":32},"end":{"line":272,"column":40}}],"line":272},"16":{"loc":{"start":{"line":323,"column":10},"end":{"line":330,"column":11}},"type":"if","locations":[{"start":{"line":323,"column":10},"end":{"line":330,"column":11}},{"start":{},"end":{}}],"line":323},"17":{"loc":{"start":{"line":337,"column":26},"end":{"line":337,"column":103}},"type":"cond-expr","locations":[{"start":{"line":337,"column":81},"end":{"line":337,"column":90}},{"start":{"line":337,"column":93},"end":{"line":337,"column":103}}],"line":337},"18":{"loc":{"start":{"line":339,"column":27},"end":{"line":339,"column":103}},"type":"cond-expr","locations":[{"start":{"line":339,"column":82},"end":{"line":339,"column":91}},{"start":{"line":339,"column":94},"end":{"line":339,"column":103}}],"line":339},"19":{"loc":{"start":{"line":348,"column":15},"end":{"line":355,"column":15}},"type":"binary-expr","locations":[{"start":{"line":348,"column":15},"end":{"line":348,"column":32}},{"start":{"line":349,"column":16},"end":{"line":354,"column":35}}],"line":348},"20":{"loc":{"start":{"line":394,"column":4},"end":{"line":400,"column":5}},"type":"if","locations":[{"start":{"line":394,"column":4},"end":{"line":400,"column":5}},{"start":{},"end":{}}],"line":394},"21":{"loc":{"start":{"line":405,"column":10},"end":{"line":411,"column":11}},"type":"if","locations":[{"start":{"line":405,"column":10},"end":{"line":411,"column":11}},{"start":{"line":407,"column":17},"end":{"line":411,"column":11}}],"line":405},"22":{"loc":{"start":{"line":407,"column":17},"end":{"line":411,"column":11}},"type":"if","locations":[{"start":{"line":407,"column":17},"end":{"line":411,"column":11}},{"start":{"line":409,"column":17},"end":{"line":411,"column":11}}],"line":407},"23":{"loc":{"start":{"line":409,"column":17},"end":{"line":411,"column":11}},"type":"if","locations":[{"start":{"line":409,"column":17},"end":{"line":411,"column":11}},{"start":{},"end":{}}],"line":409},"24":{"loc":{"start":{"line":416,"column":11},"end":{"line":426,"column":11}},"type":"binary-expr","locations":[{"start":{"line":416,"column":11},"end":{"line":416,"column":19}},{"start":{"line":417,"column":12},"end":{"line":425,"column":31}}],"line":416},"25":{"loc":{"start":{"line":444,"column":15},"end":{"line":444,"column":41}},"type":"cond-expr","locations":[{"start":{"line":444,"column":26},"end":{"line":444,"column":32}},{"start":{"line":444,"column":35},"end":{"line":444,"column":41}}],"line":444},"26":{"loc":{"start":{"line":476,"column":9},"end":{"line":484,"column":9}},"type":"binary-expr","locations":[{"start":{"line":476,"column":9},"end":{"line":476,"column":17}},{"start":{"line":477,"column":10},"end":{"line":483,"column":29}}],"line":476}},"s":{"0":1,"1":34,"2":34,"3":34,"4":34,"5":34,"6":34,"7":34,"8":34,"9":34,"10":34,"11":34,"12":34,"13":34,"14":0,"15":0,"16":0,"17":0,"18":0,"19":0,"20":0,"21":0,"22":34,"23":0,"24":0,"25":0,"26":0,"27":0,"28":0,"29":0,"30":0,"31":0,"32":0,"33":0,"34":34,"35":0,"36":0,"37":0,"38":0,"39":0,"40":0,"41":0,"42":0,"43":0,"44":0,"45":0,"46":0,"47":0,"48":0,"49":0,"50":0,"51":0,"52":0,"53":0,"54":0,"55":0,"56":0,"57":0,"58":0,"59":0,"60":0,"61":0,"62":34,"63":0,"64":0,"65":0,"66":0,"67":0,"68":0,"69":0,"70":0,"71":0,"72":0,"73":0,"74":0,"75":0,"76":0,"77":0,"78":0,"79":0,"80":0,"81":0,"82":0,"83":0,"84":0,"85":0,"86":0,"87":0,"88":0,"89":0,"90":0,"91":0,"92":0,"93":0,"94":0,"95":0,"96":0,"97":0,"98":0,"99":0,"100":0,"101":0,"102":0,"103":0,"104":0,"105":0,"106":0,"107":0,"108":0,"109":0,"110":0,"111":0,"112":0,"113":0,"114":0,"115":0,"116":0,"117":0,"118":0,"119":0,"120":0,"121":0,"122":0,"123":0,"124":0,"125":0,"126":0,"127":0,"128":0,"129":0,"130":0,"131":0,"132":0,"133":0,"134":0,"135":0,"136":0,"137":0,"138":0,"139":0,"140":0,"141":0,"142":0,"143":0,"144":0,"145":0,"146":0,"147":0,"148":0,"149":0,"150":0,"151":0,"152":0,"153":0,"154":0,"155":0,"156":0,"157":0,"158":0,"159":0,"160":0,"161":0,"162":0,"163":0,"164":0,"165":0,"166":0,"167":0,"168":0,"169":0,"170":0,"171":0,"172":0,"173":0,"174":0,"175":0,"176":0,"177":0,"178":0,"179":0,"180":1,"181":1,"182":1},"f":{"0":34,"1":0,"2":0,"3":0,"4":0,"5":0,"6":0,"7":0,"8":0,"9":0,"10":0,"11":0,"12":0,"13":0,"14":0,"15":0,"16":0,"17":0,"18":0,"19":0,"20":0,"21":0,"22":0,"23":0,"24":0,"25":0,"26":0,"27":0,"28":0,"29":0,"30":0,"31":0},"b":{"0":[0,0],"1":[0,0,0,0],"2":[0,0],"3":[0,0],"4":[0,0],"5":[0,0],"6":[0,0],"7":[0,0],"8":[0,0],"9":[0,0],"10":[0,0],"11":[0,0],"12":[0],"13":[0,0,0,0],"14":[0,0],"15":[0,0],"16":[0,0],"17":[0,0],"18":[0,0],"19":[0,0],"20":[0,0],"21":[0,0],"22":[0,0],"23":[0,0],"24":[0,0],"25":[0,0],"26":[0,0]},"_coverageSchema":"1a1c01bbd47fc00a2c39e90264f33305004495a9","hash":"a9fca16bdd03c9ec177e2f478e695208901c1f71"}
,"C:\\Users\\TIRTHANKAR KHAUND\\Desktop\\yo\\ase_grp2\\frontend\\apps\\mobile\\Components\\utils\\DataConfig.js": {"path":"C:\\Users\\TIRTHANKAR KHAUND\\Desktop\\yo\\ase_grp2\\frontend\\apps\\mobile\\Components\\utils\\DataConfig.js","statementMap":{"0":{"start":{"line":2,"column":19},"end":{"line":13,"column":3}}},"fnMap":{},"branchMap":{},"s":{"0":4},"f":{},"b":{},"_coverageSchema":"1a1c01bbd47fc00a2c39e90264f33305004495a9","hash":"d039514a39652abd5ca00f7ab8f6896291c2e128"}
}
