TN:
SF:Components\EfficientRoutes.js
FN:29,(anonymous_0)
FN:41,(anonymous_1)
FN:57,(anonymous_2)
FN:70,(anonymous_3)
FN:78,(anonymous_4)
FN:79,(anonymous_5)
FN:94,(anonymous_6)
FN:105,(anonymous_7)
FN:116,(anonymous_8)
FN:117,(anonymous_9)
FN:120,(anonymous_10)
FN:132,(anonymous_11)
FN:143,(anonymous_12)
FN:144,(anonymous_13)
FN:147,(anonymous_14)
FN:160,(anonymous_15)
FN:162,(anonymous_16)
FN:214,(anonymous_17)
FN:230,(anonymous_18)
FN:231,(anonymous_19)
FN:233,(anonymous_20)
FNF:21
FNH:2
FNDA:1,(anonymous_0)
FNDA:0,(anonymous_1)
FNDA:0,(anonymous_2)
FNDA:0,(anonymous_3)
FNDA:0,(anonymous_4)
FNDA:0,(anonymous_5)
FNDA:0,(anonymous_6)
FNDA:0,(anonymous_7)
FNDA:0,(anonymous_8)
FNDA:0,(anonymous_9)
FNDA:0,(anonymous_10)
FNDA:0,(anonymous_11)
FNDA:0,(anonymous_12)
FNDA:0,(anonymous_13)
FNDA:0,(anonymous_14)
FNDA:0,(anonymous_15)
FNDA:3,(anonymous_16)
FNDA:0,(anonymous_17)
FNDA:0,(anonymous_18)
FNDA:0,(anonymous_19)
FNDA:0,(anonymous_20)
DA:18,1
DA:20,1
DA:26,1
DA:27,1
DA:29,1
DA:30,1
DA:31,1
DA:32,1
DA:33,1
DA:34,1
DA:35,1
DA:36,1
DA:37,1
DA:38,1
DA:39,1
DA:41,1
DA:42,0
DA:43,0
DA:44,0
DA:50,0
DA:51,0
DA:53,0
DA:57,1
DA:58,0
DA:59,0
DA:60,0
DA:61,0
DA:62,0
DA:64,0
DA:65,0
DA:66,0
DA:70,1
DA:71,0
DA:72,0
DA:73,0
DA:74,0
DA:75,0
DA:76,0
DA:78,0
DA:79,0
DA:81,0
DA:82,0
DA:84,0
DA:86,0
DA:90,1
DA:94,0
DA:106,0
DA:107,0
DA:116,0
DA:118,0
DA:120,0
DA:133,0
DA:134,0
DA:143,0
DA:145,0
DA:147,0
DA:160,0
DA:163,3
DA:214,0
DA:230,0
DA:232,0
DA:233,0
DA:259,1
LF:63
LH:21
BRDA:42,0,0,0
BRDA:42,0,1,0
BRDA:50,1,0,0
BRDA:50,1,1,0
BRDA:51,2,0,0
BRDA:51,2,1,0
BRDA:59,3,0,0
BRDA:59,3,1,0
BRDA:71,4,0,0
BRDA:71,4,1,0
BRDA:71,5,0,0
BRDA:71,5,1,0
BRDA:112,6,0,1
BRDA:112,6,1,0
BRDA:139,7,0,1
BRDA:139,7,1,0
BRDA:173,8,0,0
BRDA:173,8,1,1
BRDA:186,9,0,1
BRDA:186,9,1,1
BRDA:187,10,0,1
BRDA:187,10,1,1
BRDA:192,11,0,1
BRDA:192,11,1,0
BRDA:202,12,0,1
BRDA:202,12,1,0
BRDA:212,13,0,1
BRDA:212,13,1,0
BRDA:225,14,0,1
BRDA:225,14,1,0
BRDA:236,15,0,0
BRDA:236,15,1,0
BRDA:242,16,0,0
BRDA:242,16,1,0
BRF:34
BRH:11
end_of_record
TN:
SF:Components\Events.js
FN:17,(anonymous_0)
FN:22,(anonymous_1)
FN:38,(anonymous_2)
FN:43,(anonymous_3)
FN:48,(anonymous_4)
FN:57,(anonymous_5)
FN:61,(anonymous_6)
FN:65,(anonymous_7)
FN:104,(anonymous_8)
FN:114,(anonymous_9)
FNF:10
FNH:3
FNDA:1,(anonymous_0)
FNDA:1,(anonymous_1)
FNDA:1,(anonymous_2)
FNDA:0,(anonymous_3)
FNDA:0,(anonymous_4)
FNDA:0,(anonymous_5)
FNDA:0,(anonymous_6)
FNDA:0,(anonymous_7)
FNDA:0,(anonymous_8)
FNDA:0,(anonymous_9)
DA:17,1
DA:18,1
DA:19,1
DA:20,1
DA:22,1
DA:23,1
DA:24,1
DA:25,1
DA:26,0
DA:28,0
DA:29,0
DA:31,0
DA:32,0
DA:37,1
DA:39,1
DA:43,1
DA:44,0
DA:45,0
DA:48,1
DA:49,0
DA:50,0
DA:57,1
DA:58,0
DA:61,1
DA:62,0
DA:65,0
DA:91,1
DA:92,1
DA:99,0
DA:104,0
DA:114,0
DA:143,1
LF:32
LH:17
BRDA:69,0,0,0
BRDA:69,0,1,0
BRDA:71,1,0,0
BRDA:71,1,1,0
BRDA:91,2,0,1
BRDA:91,2,1,0
BRDA:91,3,0,1
BRDA:91,3,1,1
BRF:8
BRH:3
end_of_record
TN:
SF:Components\Menu.js
FN:11,(anonymous_0)
FN:24,(anonymous_1)
FN:33,(anonymous_2)
FN:37,(anonymous_3)
FNF:4
FNH:3
FNDA:1,(anonymous_0)
FNDA:0,(anonymous_1)
FNDA:5,(anonymous_2)
FNDA:5,(anonymous_3)
DA:11,1
DA:12,1
DA:20,1
DA:24,0
DA:34,5
DA:38,5
DA:39,5
DA:57,1
LF:8
LH:7
BRDA:38,0,0,5
BRDA:38,0,1,0
BRF:2
BRH:1
end_of_record
TN:
SF:Components\Traffic.js
FN:27,(anonymous_0)
FN:32,(anonymous_1)
FN:52,(anonymous_2)
FN:63,(anonymous_3)
FN:74,(anonymous_4)
FN:85,(anonymous_5)
FN:104,(anonymous_6)
FN:136,(anonymous_7)
FN:153,(anonymous_8)
FN:154,(anonymous_9)
FN:155,(anonymous_10)
FN:168,(anonymous_11)
FN:170,(anonymous_12)
FN:179,(anonymous_13)
FN:181,(anonymous_14)
FN:190,(anonymous_15)
FN:192,(anonymous_16)
FNF:17
FNH:5
FNDA:12,(anonymous_0)
FNDA:1,(anonymous_1)
FNDA:0,(anonymous_2)
FNDA:0,(anonymous_3)
FNDA:0,(anonymous_4)
FNDA:0,(anonymous_5)
FNDA:0,(anonymous_6)
FNDA:0,(anonymous_7)
FNDA:0,(anonymous_8)
FNDA:0,(anonymous_9)
FNDA:0,(anonymous_10)
FNDA:0,(anonymous_11)
FNDA:31,(anonymous_12)
FNDA:0,(anonymous_13)
FNDA:12,(anonymous_14)
FNDA:0,(anonymous_15)
FNDA:24,(anonymous_16)
DA:17,1
DA:18,1
DA:20,1
DA:22,1
DA:27,1
DA:28,12
DA:29,12
DA:32,1
DA:33,1
DA:34,1
DA:35,1
DA:37,1
DA:38,1
DA:39,1
DA:40,1
DA:46,1
DA:47,1
DA:48,1
DA:49,1
DA:50,1
DA:52,1
DA:53,0
DA:54,0
DA:55,0
DA:56,0
DA:57,0
DA:58,0
DA:59,0
DA:63,1
DA:64,0
DA:65,0
DA:66,0
DA:67,0
DA:68,0
DA:69,0
DA:70,0
DA:74,1
DA:75,0
DA:76,0
DA:78,0
DA:81,0
DA:82,0
DA:85,1
DA:86,0
DA:89,0
DA:90,0
DA:92,0
DA:93,0
DA:99,0
DA:100,0
DA:101,0
DA:104,1
DA:105,0
DA:107,0
DA:108,0
DA:116,0
DA:117,0
DA:118,0
DA:123,0
DA:124,0
DA:125,0
DA:127,0
DA:129,0
DA:133,1
DA:136,0
DA:153,0
DA:155,0
DA:168,0
DA:171,31
DA:179,0
DA:182,12
DA:190,0
DA:193,24
DA:194,24
DA:226,1
LF:75
LH:31
BRDA:53,0,0,0
BRDA:53,0,1,0
BRDA:53,0,2,0
BRDA:53,0,3,0
BRDA:53,0,4,0
BRDA:53,0,5,0
BRDA:64,1,0,0
BRDA:64,1,1,0
BRDA:64,1,2,0
BRDA:64,1,3,0
BRDA:64,1,4,0
BRDA:64,1,5,0
BRDA:76,2,0,0
BRDA:76,2,1,0
BRDA:82,3,0,0
BRDA:82,3,1,0
BRDA:105,4,0,0
BRDA:105,4,1,0
BRDA:124,5,0,0
BRDA:124,5,1,0
BRDA:149,6,0,1
BRDA:149,6,1,0
BRDA:201,7,0,0
BRDA:201,7,1,1
BRDA:205,8,0,1
BRDA:205,8,1,0
BRF:26
BRH:3
end_of_record
TN:
SF:Components\Weather.js
FN:21,(anonymous_0)
FN:35,(anonymous_1)
FN:46,(anonymous_2)
FN:66,(anonymous_3)
FN:94,(anonymous_4)
FN:106,(anonymous_5)
FN:123,(anonymous_6)
FN:124,(anonymous_7)
FN:125,(anonymous_8)
FNF:9
FNH:8
FNDA:6,(anonymous_0)
FNDA:1,(anonymous_1)
FNDA:1,(anonymous_2)
FNDA:1,(anonymous_3)
FNDA:0,(anonymous_4)
FNDA:1,(anonymous_5)
FNDA:2,(anonymous_6)
FNDA:1,(anonymous_7)
FNDA:1,(anonymous_8)
DA:16,1
DA:17,1
DA:19,1
DA:21,1
DA:22,6
DA:23,6
DA:24,6
DA:25,6
DA:31,6
DA:32,6
DA:33,6
DA:35,6
DA:36,1
DA:37,1
DA:39,1
DA:42,1
DA:43,1
DA:46,6
DA:47,1
DA:50,1
DA:51,1
DA:53,1
DA:54,1
DA:60,1
DA:61,1
DA:62,1
DA:63,1
DA:66,6
DA:67,1
DA:69,0
DA:70,0
DA:71,0
DA:74,0
DA:77,0
DA:80,0
DA:83,0
DA:85,0
DA:86,0
DA:88,0
DA:90,0
DA:94,6
DA:95,0
DA:96,0
DA:97,0
DA:98,0
DA:99,0
DA:102,6
DA:106,1
DA:123,2
DA:125,1
DA:179,1
LF:51
LH:35
BRDA:37,0,0,0
BRDA:37,0,1,1
BRDA:43,1,0,1
BRDA:43,1,1,0
BRDA:67,2,0,1
BRDA:67,2,1,0
BRDA:95,3,0,0
BRDA:95,3,1,0
BRDA:96,4,0,0
BRDA:96,4,1,0
BRDA:97,5,0,0
BRDA:97,5,1,0
BRDA:98,6,0,0
BRDA:98,6,1,0
BRDA:119,7,0,6
BRDA:119,7,1,1
BRDA:135,8,0,0
BRDA:135,8,1,6
BRDA:138,9,0,6
BRDA:138,9,1,0
BRDA:138,9,2,0
BRDA:152,10,0,0
BRDA:152,10,1,0
BRDA:152,11,0,0
BRDA:152,11,1,0
BRDA:159,12,0,6
BRDA:159,12,1,1
BRDA:163,13,0,6
BRDA:163,13,1,0
BRDA:163,13,2,0
BRDA:163,13,3,0
BRF:31
BRH:10
end_of_record
TN:
SF:Components\homePage.js
FN:24,(anonymous_0)
FN:39,(anonymous_1)
FN:53,(anonymous_2)
FN:75,(anonymous_3)
FN:76,(anonymous_4)
FN:127,(anonymous_5)
FN:132,(anonymous_6)
FN:136,(anonymous_7)
FN:160,(anonymous_8)
FN:170,(anonymous_9)
FN:195,(anonymous_10)
FN:199,(anonymous_11)
FN:212,(anonymous_12)
FN:224,(anonymous_13)
FN:226,(anonymous_14)
FN:240,(anonymous_15)
FN:241,(anonymous_16)
FN:255,(anonymous_17)
FN:264,(anonymous_18)
FN:268,(anonymous_19)
FN:269,(anonymous_20)
FN:334,(anonymous_21)
FN:351,(anonymous_22)
FN:375,(anonymous_23)
FN:404,(anonymous_24)
FN:419,(anonymous_25)
FN:469,(anonymous_26)
FN:479,(anonymous_27)
FN:492,(anonymous_28)
FN:498,(anonymous_29)
FN:503,(anonymous_30)
FN:507,(anonymous_31)
FNF:32
FNH:1
FNDA:34,(anonymous_0)
FNDA:0,(anonymous_1)
FNDA:0,(anonymous_2)
FNDA:0,(anonymous_3)
FNDA:0,(anonymous_4)
FNDA:0,(anonymous_5)
FNDA:0,(anonymous_6)
FNDA:0,(anonymous_7)
FNDA:0,(anonymous_8)
FNDA:0,(anonymous_9)
FNDA:0,(anonymous_10)
FNDA:0,(anonymous_11)
FNDA:0,(anonymous_12)
FNDA:0,(anonymous_13)
FNDA:0,(anonymous_14)
FNDA:0,(anonymous_15)
FNDA:0,(anonymous_16)
FNDA:0,(anonymous_17)
FNDA:0,(anonymous_18)
FNDA:0,(anonymous_19)
FNDA:0,(anonymous_20)
FNDA:0,(anonymous_21)
FNDA:0,(anonymous_22)
FNDA:0,(anonymous_23)
FNDA:0,(anonymous_24)
FNDA:0,(anonymous_25)
FNDA:0,(anonymous_26)
FNDA:0,(anonymous_27)
FNDA:0,(anonymous_28)
FNDA:0,(anonymous_29)
FNDA:0,(anonymous_30)
FNDA:0,(anonymous_31)
DA:24,1
DA:25,34
DA:26,34
DA:27,34
DA:28,34
DA:29,34
DA:30,34
DA:31,34
DA:32,34
DA:33,34
DA:34,34
DA:35,34
DA:37,34
DA:39,34
DA:40,0
DA:41,0
DA:42,0
DA:43,0
DA:44,0
DA:46,0
DA:48,0
DA:49,0
DA:53,34
DA:54,0
DA:55,0
DA:56,0
DA:57,0
DA:58,0
DA:60,0
DA:61,0
DA:62,0
DA:67,0
DA:70,0
DA:71,0
DA:75,34
DA:76,0
DA:77,0
DA:78,0
DA:79,0
DA:81,0
DA:82,0
DA:84,0
DA:88,0
DA:89,0
DA:92,0
DA:93,0
DA:95,0
DA:96,0
DA:97,0
DA:100,0
DA:101,0
DA:102,0
DA:103,0
DA:108,0
DA:109,0
DA:110,0
DA:111,0
DA:113,0
DA:114,0
DA:118,0
DA:119,0
DA:123,0
DA:126,34
DA:128,0
DA:132,0
DA:133,0
DA:134,0
DA:135,0
DA:136,0
DA:138,0
DA:143,0
DA:145,0
DA:146,0
DA:148,0
DA:149,0
DA:152,0
DA:153,0
DA:156,0
DA:160,0
DA:161,0
DA:162,0
DA:163,0
DA:164,0
DA:167,0
DA:168,0
DA:169,0
DA:170,0
DA:172,0
DA:177,0
DA:179,0
DA:180,0
DA:181,0
DA:183,0
DA:184,0
DA:187,0
DA:188,0
DA:191,0
DA:195,0
DA:196,0
DA:199,0
DA:200,0
DA:201,0
DA:202,0
DA:203,0
DA:205,0
DA:207,0
DA:209,0
DA:212,0
DA:213,0
DA:214,0
DA:215,0
DA:216,0
DA:217,0
DA:218,0
DA:220,0
DA:224,0
DA:225,0
DA:226,0
DA:228,0
DA:229,0
DA:230,0
DA:232,0
DA:233,0
DA:234,0
DA:236,0
DA:240,0
DA:241,0
DA:242,0
DA:244,0
DA:245,0
DA:247,0
DA:248,0
DA:249,0
DA:251,0
DA:255,0
DA:256,0
DA:257,0
DA:264,0
DA:265,0
DA:268,0
DA:269,0
DA:270,0
DA:272,0
DA:273,0
DA:280,0
DA:281,0
DA:282,0
DA:283,0
DA:284,0
DA:286,0
DA:323,0
DA:324,0
DA:331,0
DA:335,0
DA:351,0
DA:359,0
DA:375,0
DA:390,0
DA:394,0
DA:395,0
DA:402,0
DA:405,0
DA:406,0
DA:407,0
DA:408,0
DA:409,0
DA:410,0
DA:420,0
DA:421,0
DA:433,0
DA:470,0
DA:479,0
DA:492,0
DA:498,0
DA:504,0
DA:507,0
DA:525,1
DA:526,1
DA:528,1
LF:179
LH:20
BRDA:42,0,0,0
BRDA:42,0,1,0
BRDA:44,1,0,0
BRDA:44,1,1,0
BRDA:44,1,2,0
BRDA:44,1,3,0
BRDA:56,2,0,0
BRDA:56,2,1,0
BRDA:81,3,0,0
BRDA:81,3,1,0
BRDA:92,4,0,0
BRDA:92,4,1,0
BRDA:101,5,0,0
BRDA:101,5,1,0
BRDA:145,6,0,0
BRDA:145,6,1,0
BRDA:145,7,0,0
BRDA:145,7,1,0
BRDA:161,8,0,0
BRDA:161,8,1,0
BRDA:161,9,0,0
BRDA:161,9,1,0
BRDA:179,10,0,0
BRDA:179,10,1,0
BRDA:200,11,0,0
BRDA:200,11,1,0
BRDA:268,12,0,0
BRDA:270,13,0,0
BRDA:270,13,1,0
BRDA:270,13,2,0
BRDA:270,13,3,0
BRDA:272,14,0,0
BRDA:272,14,1,0
BRDA:272,15,0,0
BRDA:272,15,1,0
BRDA:323,16,0,0
BRDA:323,16,1,0
BRDA:337,17,0,0
BRDA:337,17,1,0
BRDA:339,18,0,0
BRDA:339,18,1,0
BRDA:348,19,0,0
BRDA:348,19,1,0
BRDA:394,20,0,0
BRDA:394,20,1,0
BRDA:405,21,0,0
BRDA:405,21,1,0
BRDA:407,22,0,0
BRDA:407,22,1,0
BRDA:409,23,0,0
BRDA:409,23,1,0
BRDA:416,24,0,0
BRDA:416,24,1,0
BRDA:444,25,0,0
BRDA:444,25,1,0
BRDA:476,26,0,0
BRDA:476,26,1,0
BRF:57
BRH:0
end_of_record
TN:
SF:Components\utils\DataConfig.js
FNF:0
FNH:0
DA:2,4
LF:1
LH:1
BRF:0
BRH:0
end_of_record
